2022-03-17 08:51:11,096:INFO:PyCaret NLP Module
2022-03-17 08:51:11,096:INFO:version 2.2.2
2022-03-17 08:51:11,096:INFO:Initializing setup()
2022-03-17 08:51:11,096:INFO:USI: eb45
2022-03-17 08:51:11,096:INFO:setup(data=(6804, 9), target=Review, custom_stopwords=None, html=True, session_id=123, log_experiment=False,
                    experiment_name=None, log_plots=False, log_data=False, verbose=True)
2022-03-17 08:51:11,096:INFO:Checking environment
2022-03-17 08:51:11,097:INFO:python_version: 3.10.1
2022-03-17 08:51:11,097:INFO:python_build: ('tags/v3.10.1:2cd268a', 'Dec  6 2021 19:10:37')
2022-03-17 08:51:11,097:INFO:machine: AMD64
2022-03-17 08:51:11,097:INFO:platform: Windows-10-10.0.14393-SP0
2022-03-17 08:51:11,097:INFO:Memory: svmem(total=107373576192, available=36615761920, percent=65.9, used=70757814272, free=36615761920)
2022-03-17 08:51:11,099:INFO:Physical Core: 16
2022-03-17 08:51:11,099:INFO:Logical Core: 16
2022-03-17 08:51:11,099:INFO:Checking libraries
2022-03-17 08:51:11,099:INFO:pd==1.4.1
2022-03-17 08:51:11,099:INFO:numpy==1.21.5
2022-03-17 08:51:13,977:INFO:gensim==4.1.2
2022-03-17 08:51:15,799:INFO:spacy==3.2.3
2022-03-17 08:51:16,909:INFO:nltk==3.7
2022-03-17 08:51:16,939:INFO:textblob==0.17.1
2022-03-17 08:51:17,211:INFO:pyLDAvis==3.3.1
2022-03-17 08:51:17,621:INFO:wordcloud==1.8.1
2022-03-17 08:51:18,076:INFO:mlflow==1.24.0
2022-03-17 08:51:18,076:INFO:Checking Exceptions
2022-03-17 08:52:38,531:INFO:PyCaret NLP Module
2022-03-17 08:52:38,531:INFO:version 2.2.2
2022-03-17 08:52:38,531:INFO:Initializing setup()
2022-03-17 08:52:38,532:INFO:USI: 8f2d
2022-03-17 08:52:38,532:INFO:setup(data=(6804, 9), target=Review, custom_stopwords=None, html=True, session_id=123, log_experiment=False,
                    experiment_name=None, log_plots=False, log_data=False, verbose=True)
2022-03-17 08:52:38,532:INFO:Checking environment
2022-03-17 08:52:38,532:INFO:python_version: 3.10.1
2022-03-17 08:52:38,532:INFO:python_build: ('tags/v3.10.1:2cd268a', 'Dec  6 2021 19:10:37')
2022-03-17 08:52:38,532:INFO:machine: AMD64
2022-03-17 08:52:38,533:INFO:platform: Windows-10-10.0.14393-SP0
2022-03-17 08:52:38,533:INFO:Memory: svmem(total=107373576192, available=36337905664, percent=66.2, used=71035670528, free=36337905664)
2022-03-17 08:52:38,533:INFO:Physical Core: 16
2022-03-17 08:52:38,533:INFO:Logical Core: 16
2022-03-17 08:52:38,533:INFO:Checking libraries
2022-03-17 08:52:38,533:INFO:pd==1.4.1
2022-03-17 08:52:38,533:INFO:numpy==1.21.5
2022-03-17 08:52:38,533:INFO:gensim==4.1.2
2022-03-17 08:52:38,533:INFO:spacy==3.2.3
2022-03-17 08:52:38,533:INFO:nltk==3.7
2022-03-17 08:52:38,533:INFO:textblob==0.17.1
2022-03-17 08:52:38,533:INFO:pyLDAvis==3.3.1
2022-03-17 08:52:38,533:INFO:wordcloud==1.8.1
2022-03-17 08:52:38,533:INFO:mlflow==1.24.0
2022-03-17 08:52:38,533:INFO:Checking Exceptions
2022-03-17 08:54:10,941:INFO:PyCaret NLP Module
2022-03-17 08:54:10,941:INFO:version 2.2.2
2022-03-17 08:54:10,942:INFO:Initializing setup()
2022-03-17 08:54:10,942:INFO:USI: a401
2022-03-17 08:54:10,942:INFO:setup(data=(6804, 9), target=Review, custom_stopwords=None, html=True, session_id=123, log_experiment=False,
                    experiment_name=None, log_plots=False, log_data=False, verbose=True)
2022-03-17 08:54:10,942:INFO:Checking environment
2022-03-17 08:54:10,942:INFO:python_version: 3.10.1
2022-03-17 08:54:10,942:INFO:python_build: ('tags/v3.10.1:2cd268a', 'Dec  6 2021 19:10:37')
2022-03-17 08:54:10,942:INFO:machine: AMD64
2022-03-17 08:54:10,942:INFO:platform: Windows-10-10.0.14393-SP0
2022-03-17 08:54:10,942:INFO:Memory: svmem(total=107373576192, available=36070428672, percent=66.4, used=71303147520, free=36070428672)
2022-03-17 08:54:10,942:INFO:Physical Core: 16
2022-03-17 08:54:10,942:INFO:Logical Core: 16
2022-03-17 08:54:10,942:INFO:Checking libraries
2022-03-17 08:54:10,942:INFO:pd==1.4.1
2022-03-17 08:54:10,942:INFO:numpy==1.21.5
2022-03-17 08:54:10,943:INFO:gensim==4.1.2
2022-03-17 08:54:10,943:INFO:spacy==3.2.3
2022-03-17 08:54:10,943:INFO:nltk==3.7
2022-03-17 08:54:10,943:INFO:textblob==0.17.1
2022-03-17 08:54:10,943:INFO:pyLDAvis==3.3.1
2022-03-17 08:54:10,943:INFO:wordcloud==1.8.1
2022-03-17 08:54:10,943:INFO:mlflow==1.24.0
2022-03-17 08:54:10,943:INFO:Checking Exceptions
2022-03-17 08:54:11,840:INFO:Preloading libraries
2022-03-17 08:54:11,892:INFO:Preparing display monitor
2022-03-17 08:54:11,912:INFO:Importing libraries
2022-03-17 08:54:11,912:INFO:Declaring global variables
2022-03-17 08:54:11,912:INFO:Input provided : dataframe
2022-03-17 08:54:11,913:INFO:session_id set to : 123
2022-03-17 08:54:11,913:INFO:Copying training dataset
2022-03-17 08:54:11,914:INFO:Importing stopwords from nltk
2022-03-17 08:54:11,993:INFO:No custom stopwords defined
2022-03-17 08:54:11,993:INFO:Removing numeric characters from the text
2022-03-17 08:54:12,064:INFO:Removing special characters from the text
2022-03-17 08:54:12,404:INFO:Tokenizing Words
2022-03-17 08:54:13,248:INFO:Removing stopwords
2022-03-17 08:54:13,899:INFO:Extracting Bigrams
2022-03-17 08:54:14,555:INFO:Extracting Trigrams
2022-03-17 08:54:15,778:INFO:Lemmatizing tokens
2022-03-17 08:54:47,230:INFO:Removing stopwords after lemmatizing
2022-03-17 08:54:47,613:INFO:Creating corpus and dictionary
2022-03-17 08:54:48,316:INFO:Compiling processed text
2022-03-17 08:54:48,329:INFO:Compiling information grid
2022-03-17 08:54:49,831:INFO:setup() succesfully completed......................................
2022-03-17 08:54:57,244:INFO:Initializing create_model()
2022-03-17 08:54:57,244:INFO:create_model(model=lda, multi_core=False, num_topics=None, verbose=True, system=True)
2022-03-17 08:54:57,244:INFO:Checking exceptions
2022-03-17 08:54:57,244:INFO:Preloading libraries
2022-03-17 08:54:57,244:INFO:Preparing display monitor
2022-03-17 08:54:57,257:INFO:Defining topic model
2022-03-17 08:54:57,257:INFO:Model: Latent Dirichlet Allocation
2022-03-17 08:54:57,257:INFO:Defining num_topics parameter
2022-03-17 08:54:57,258:INFO:num_topics set to: 4
2022-03-17 08:54:57,262:INFO:LdaModel imported successfully
2022-03-17 08:55:08,252:INFO:LdaModel trained successfully
2022-03-17 08:55:08,255:INFO:LdaModel(num_terms=5822, num_topics=4, decay=0.5, chunksize=100)
2022-03-17 08:55:08,256:INFO:create_model() succesfully completed......................................
2022-03-17 08:55:25,065:INFO:Initializing create_model()
2022-03-17 08:55:25,065:INFO:create_model(model=nmf, multi_core=False, num_topics=None, verbose=True, system=True)
2022-03-17 08:55:25,065:INFO:Checking exceptions
2022-03-17 08:55:25,065:INFO:Preloading libraries
2022-03-17 08:55:25,065:INFO:Preparing display monitor
2022-03-17 08:55:25,080:INFO:Defining topic model
2022-03-17 08:55:25,080:INFO:Model: Non-Negative Matrix Factorization
2022-03-17 08:55:25,081:INFO:Defining num_topics parameter
2022-03-17 08:55:25,081:INFO:num_topics set to: 4
2022-03-17 08:55:25,085:INFO:CountVectorizer, TfidfTransformer, NMF, normalize imported successfully
2022-03-17 08:55:25,229:INFO:CountVectorizer() Fit Successfully
2022-03-17 08:55:25,240:INFO:TfidfTransformer() Fit Successfully
2022-03-17 08:55:25,402:INFO:NMF() Trained Successfully
2022-03-17 08:55:25,406:INFO:NMF(alpha='deprecated', alpha_H='same', alpha_W=0.0, beta_loss='frobenius',
    init='nndsvd', l1_ratio=0.0, max_iter=200, n_components=4, random_state=123,
    regularization='deprecated', shuffle=False, solver='cd', tol=0.0001,
    verbose=0)
2022-03-17 08:55:25,407:INFO:create_model() succesfully completed......................................
2022-03-17 08:55:41,390:INFO:Initializing plot_model()
2022-03-17 08:55:41,390:INFO:plot_model(model=None, plot=frequency, topic_num=None, save=False, system=True)
2022-03-17 08:55:41,390:INFO:Checking exceptions
2022-03-17 08:55:41,390:INFO:Importing libraries
2022-03-17 08:55:41,851:INFO:save_param set to False
2022-03-17 08:55:41,851:INFO:plot type: frequency
2022-03-17 08:55:41,851:INFO:Rendering Visual
2022-03-17 08:55:41,851:WARNING:topic_num set to None. Plot generated at corpus level.
2022-03-17 08:55:41,851:INFO:Fitting CountVectorizer()
2022-03-17 08:55:42,409:INFO:Visual Rendered Successfully
2022-03-17 08:55:42,409:INFO:plot_model() succesfully completed......................................
2022-03-17 08:56:02,972:INFO:Initializing plot_model()
2022-03-17 08:56:02,972:INFO:plot_model(model=LdaModel(num_terms=5822, num_topics=4, decay=0.5, chunksize=100), plot=bigram, topic_num=None, save=False, system=True)
2022-03-17 08:56:02,972:INFO:Topic selected. topic_num : Topic 0
2022-03-17 08:56:02,972:INFO:Checking exceptions
2022-03-17 08:56:02,972:INFO:Importing libraries
2022-03-17 08:56:02,980:INFO:save_param set to False
2022-03-17 08:56:02,980:INFO:plot type: bigram
2022-03-17 08:56:02,980:INFO:SubProcess assign_model() called ==================================
2022-03-17 08:56:02,981:INFO:Initializing assign_model()
2022-03-17 08:56:02,981:INFO:assign_model(model=LdaModel(num_terms=5822, num_topics=4, decay=0.5, chunksize=100), verbose=False)
2022-03-17 08:56:02,981:INFO:Determining model type
2022-03-17 08:56:02,981:INFO:model type: lda
2022-03-17 08:56:02,981:INFO:Checking exceptions
2022-03-17 08:56:02,981:INFO:Preloading libraries
2022-03-17 08:56:02,981:INFO:Preparing display monitor
2022-03-17 08:56:06,489:INFO:(13174, 15)
2022-03-17 08:56:06,489:INFO:assign_model() succesfully completed......................................
2022-03-17 08:56:06,495:INFO:SubProcess assign_model() end ==================================
2022-03-17 08:56:06,498:INFO:Fitting CountVectorizer()
2022-03-17 08:56:06,498:WARNING:Invalid topic_num param or empty Vocab. Try changing Topic Number.
2022-03-17 08:56:50,785:INFO:Initializing plot_model()
2022-03-17 08:56:50,785:INFO:plot_model(model=LdaModel(num_terms=5822, num_topics=4, decay=0.5, chunksize=100), plot=pos, topic_num=None, save=False, system=True)
2022-03-17 08:56:50,785:INFO:Topic selected. topic_num : Topic 0
2022-03-17 08:56:50,785:INFO:Checking exceptions
2022-03-17 08:56:50,785:INFO:Importing libraries
2022-03-17 08:56:50,795:INFO:save_param set to False
2022-03-17 08:56:50,795:INFO:plot type: pos
2022-03-17 08:56:50,795:INFO:Fitting TextBlob()
2022-03-17 08:56:52,500:INFO:Rendering Visual
2022-03-17 08:56:52,538:INFO:Visual Rendered Sucessfully
2022-03-17 08:56:52,538:INFO:plot_model() succesfully completed......................................
2022-03-17 08:57:28,229:INFO:Initializing plot_model()
2022-03-17 08:57:28,229:INFO:plot_model(model=LdaModel(num_terms=5822, num_topics=4, decay=0.5, chunksize=100), plot=sentiment, topic_num=Topic 0, save=False, system=True)
2022-03-17 08:57:28,229:INFO:Checking exceptions
2022-03-17 08:57:28,229:INFO:Importing libraries
2022-03-17 08:57:28,236:INFO:save_param set to False
2022-03-17 08:57:28,236:INFO:plot type: sentiment
2022-03-17 08:57:28,236:INFO:SubProcess assign_model() called ==================================
2022-03-17 08:57:28,236:INFO:Initializing assign_model()
2022-03-17 08:57:28,237:INFO:assign_model(model=LdaModel(num_terms=5822, num_topics=4, decay=0.5, chunksize=100), verbose=False)
2022-03-17 08:57:28,237:INFO:Determining model type
2022-03-17 08:57:28,237:INFO:model type: lda
2022-03-17 08:57:28,237:INFO:Checking exceptions
2022-03-17 08:57:28,237:INFO:Preloading libraries
2022-03-17 08:57:28,237:INFO:Preparing display monitor
2022-03-17 08:57:31,501:INFO:(13174, 15)
2022-03-17 08:57:31,501:INFO:assign_model() succesfully completed......................................
2022-03-17 08:57:31,506:INFO:SubProcess assign_model() end ==================================
2022-03-17 08:57:31,574:WARNING:Invalid topic_num param or empty Vocab. Try changing Topic Number.
2022-03-17 08:57:51,516:INFO:Initializing plot_model()
2022-03-17 08:57:51,516:INFO:plot_model(model=LdaModel(num_terms=5822, num_topics=4, decay=0.5, chunksize=100), plot=tsne, topic_num=None, save=False, system=True)
2022-03-17 08:57:51,516:INFO:Topic selected. topic_num : Topic 0
2022-03-17 08:57:51,516:INFO:Checking exceptions
2022-03-17 08:57:51,516:INFO:Importing libraries
2022-03-17 08:57:51,526:INFO:save_param set to False
2022-03-17 08:57:51,527:INFO:plot type: tsne
2022-03-17 08:57:51,527:INFO:SubProcess assign_model() called ==================================
2022-03-17 08:57:51,527:INFO:Initializing assign_model()
2022-03-17 08:57:51,527:INFO:assign_model(model=LdaModel(num_terms=5822, num_topics=4, decay=0.5, chunksize=100), verbose=False)
2022-03-17 08:57:51,527:INFO:Determining model type
2022-03-17 08:57:51,527:INFO:model type: lda
2022-03-17 08:57:51,527:INFO:Checking exceptions
2022-03-17 08:57:51,527:INFO:Preloading libraries
2022-03-17 08:57:51,528:INFO:Preparing display monitor
2022-03-17 08:59:06,711:INFO:Initializing plot_model()
2022-03-17 08:59:06,712:INFO:plot_model(model=LdaModel(num_terms=5822, num_topics=4, decay=0.5, chunksize=100), plot=topic_distribution, topic_num=None, save=False, system=True)
2022-03-17 08:59:06,712:INFO:Topic selected. topic_num : Topic 0
2022-03-17 08:59:06,712:INFO:Checking exceptions
2022-03-17 08:59:06,712:INFO:Importing libraries
2022-03-17 08:59:06,721:INFO:save_param set to False
2022-03-17 08:59:06,721:INFO:plot type: topic_distribution
2022-03-17 08:59:06,723:INFO:SubProcess assign_model() called ==================================
2022-03-17 08:59:06,724:INFO:Initializing assign_model()
2022-03-17 08:59:06,724:INFO:assign_model(model=LdaModel(num_terms=5822, num_topics=4, decay=0.5, chunksize=100), verbose=False)
2022-03-17 08:59:06,724:INFO:Determining model type
2022-03-17 08:59:06,724:INFO:model type: lda
2022-03-17 08:59:06,724:INFO:Checking exceptions
2022-03-17 08:59:06,724:INFO:Preloading libraries
2022-03-17 08:59:06,724:INFO:Preparing display monitor
2022-03-17 09:00:33,479:INFO:Initializing plot_model()
2022-03-17 09:00:33,479:INFO:plot_model(model=LdaModel(num_terms=5822, num_topics=4, decay=0.5, chunksize=100), plot=bigram, topic_num=None, save=False, system=True)
2022-03-17 09:00:33,479:INFO:Topic selected. topic_num : Topic 0
2022-03-17 09:00:33,479:INFO:Checking exceptions
2022-03-17 09:00:33,479:INFO:Importing libraries
2022-03-17 09:00:33,487:INFO:save_param set to False
2022-03-17 09:00:33,487:INFO:plot type: bigram
2022-03-17 09:00:33,487:INFO:SubProcess assign_model() called ==================================
2022-03-17 09:00:33,487:INFO:Initializing assign_model()
2022-03-17 09:00:33,487:INFO:assign_model(model=LdaModel(num_terms=5822, num_topics=4, decay=0.5, chunksize=100), verbose=False)
2022-03-17 09:00:33,488:INFO:Determining model type
2022-03-17 09:00:33,488:INFO:model type: lda
2022-03-17 09:00:33,488:INFO:Checking exceptions
2022-03-17 09:00:33,488:INFO:Preloading libraries
2022-03-17 09:00:33,488:INFO:Preparing display monitor
2022-03-17 09:00:33,488:WARNING:Invalid topic_num param or empty Vocab. Try changing Topic Number.
2022-03-17 09:03:22,586:INFO:PyCaret NLP Module
2022-03-17 09:03:22,587:INFO:version 2.2.2
2022-03-17 09:03:22,587:INFO:Initializing setup()
2022-03-17 09:03:22,587:INFO:USI: ca3d
2022-03-17 09:03:22,587:INFO:setup(data=(6804, 9), target=Review, custom_stopwords=None, html=True, session_id=123, log_experiment=False,
                    experiment_name=None, log_plots=False, log_data=False, verbose=True)
2022-03-17 09:03:22,587:INFO:Checking environment
2022-03-17 09:03:22,587:INFO:python_version: 3.10.1
2022-03-17 09:03:22,587:INFO:python_build: ('tags/v3.10.1:2cd268a', 'Dec  6 2021 19:10:37')
2022-03-17 09:03:22,587:INFO:machine: AMD64
2022-03-17 09:03:22,587:INFO:platform: Windows-10-10.0.14393-SP0
2022-03-17 09:03:22,587:INFO:Memory: svmem(total=107373576192, available=43471478784, percent=59.5, used=63902097408, free=43471478784)
2022-03-17 09:03:22,587:INFO:Physical Core: 16
2022-03-17 09:03:22,587:INFO:Logical Core: 16
2022-03-17 09:03:22,587:INFO:Checking libraries
2022-03-17 09:03:22,587:INFO:pd==1.4.1
2022-03-17 09:03:22,587:INFO:numpy==1.21.5
2022-03-17 09:03:22,588:INFO:gensim==4.1.2
2022-03-17 09:03:22,588:INFO:spacy==3.2.3
2022-03-17 09:03:22,588:INFO:nltk==3.7
2022-03-17 09:03:22,588:INFO:textblob==0.17.1
2022-03-17 09:03:22,588:INFO:pyLDAvis==3.3.1
2022-03-17 09:03:22,588:INFO:wordcloud==1.8.1
2022-03-17 09:03:22,588:INFO:mlflow==1.24.0
2022-03-17 09:03:22,588:INFO:Checking Exceptions
2022-03-17 09:03:23,116:INFO:Preloading libraries
2022-03-17 09:03:23,116:INFO:Preparing display monitor
2022-03-17 09:03:23,130:INFO:Importing libraries
2022-03-17 09:03:23,130:INFO:Declaring global variables
2022-03-17 09:03:23,131:INFO:Input provided : dataframe
2022-03-17 09:03:23,131:INFO:session_id set to : 123
2022-03-17 09:03:23,131:INFO:Copying training dataset
2022-03-17 09:03:23,135:INFO:Importing stopwords from nltk
2022-03-17 09:03:23,136:INFO:No custom stopwords defined
2022-03-17 09:03:23,136:INFO:Removing numeric characters from the text
2022-03-17 09:03:23,187:INFO:Removing special characters from the text
2022-03-17 09:03:23,507:INFO:Tokenizing Words
2022-03-17 09:03:24,251:INFO:Removing stopwords
2022-03-17 09:03:24,838:INFO:Extracting Bigrams
2022-03-17 09:03:25,472:INFO:Extracting Trigrams
2022-03-17 09:03:26,611:INFO:Lemmatizing tokens
2022-03-17 09:03:55,822:INFO:Removing stopwords after lemmatizing
2022-03-17 09:03:56,190:INFO:Creating corpus and dictionary
2022-03-17 09:03:56,498:INFO:Compiling processed text
2022-03-17 09:03:56,511:INFO:Compiling information grid
2022-03-17 09:03:56,678:INFO:setup() succesfully completed......................................
2022-03-17 09:04:06,538:INFO:Initializing create_model()
2022-03-17 09:04:06,538:INFO:create_model(model=lda, multi_core=False, num_topics=None, verbose=True, system=True)
2022-03-17 09:04:06,538:INFO:Checking exceptions
2022-03-17 09:04:06,538:INFO:Preloading libraries
2022-03-17 09:04:06,538:INFO:Preparing display monitor
2022-03-17 09:04:06,553:INFO:Defining topic model
2022-03-17 09:04:06,553:INFO:Model: Latent Dirichlet Allocation
2022-03-17 09:04:06,553:INFO:Defining num_topics parameter
2022-03-17 09:04:06,553:INFO:num_topics set to: 4
2022-03-17 09:04:06,557:INFO:LdaModel imported successfully
2022-03-17 09:04:17,241:INFO:LdaModel trained successfully
2022-03-17 09:04:17,244:INFO:LdaModel(num_terms=5822, num_topics=4, decay=0.5, chunksize=100)
2022-03-17 09:04:17,244:INFO:create_model() succesfully completed......................................
2022-03-17 09:04:46,109:INFO:Initializing create_model()
2022-03-17 09:04:46,109:INFO:create_model(model=nmf, multi_core=False, num_topics=None, verbose=True, system=True)
2022-03-17 09:04:46,109:INFO:Checking exceptions
2022-03-17 09:04:46,109:INFO:Preloading libraries
2022-03-17 09:04:46,109:INFO:Preparing display monitor
2022-03-17 09:04:46,124:INFO:Defining topic model
2022-03-17 09:04:46,124:INFO:Model: Non-Negative Matrix Factorization
2022-03-17 09:04:46,125:INFO:Defining num_topics parameter
2022-03-17 09:04:46,125:INFO:num_topics set to: 4
2022-03-17 09:04:46,128:INFO:CountVectorizer, TfidfTransformer, NMF, normalize imported successfully
2022-03-17 09:04:46,296:INFO:CountVectorizer() Fit Successfully
2022-03-17 09:04:46,307:INFO:TfidfTransformer() Fit Successfully
2022-03-17 09:04:46,459:INFO:NMF() Trained Successfully
2022-03-17 09:04:46,462:INFO:NMF(alpha='deprecated', alpha_H='same', alpha_W=0.0, beta_loss='frobenius',
    init='nndsvd', l1_ratio=0.0, max_iter=200, n_components=4, random_state=123,
    regularization='deprecated', shuffle=False, solver='cd', tol=0.0001,
    verbose=0)
2022-03-17 09:04:46,462:INFO:create_model() succesfully completed......................................
2022-03-17 09:05:07,503:INFO:Initializing plot_model()
2022-03-17 09:05:07,503:INFO:plot_model(model=None, plot=frequency, topic_num=None, save=False, system=True)
2022-03-17 09:05:07,504:INFO:Checking exceptions
2022-03-17 09:05:07,504:INFO:Importing libraries
2022-03-17 09:05:07,511:INFO:save_param set to False
2022-03-17 09:05:07,511:INFO:plot type: frequency
2022-03-17 09:05:07,511:INFO:Rendering Visual
2022-03-17 09:05:07,512:WARNING:topic_num set to None. Plot generated at corpus level.
2022-03-17 09:05:07,512:INFO:Fitting CountVectorizer()
2022-03-17 09:05:07,685:INFO:Visual Rendered Successfully
2022-03-17 09:05:07,686:INFO:plot_model() succesfully completed......................................
2022-03-17 09:05:13,520:INFO:Initializing plot_model()
2022-03-17 09:05:13,520:INFO:plot_model(model=LdaModel(num_terms=5822, num_topics=4, decay=0.5, chunksize=100), plot=bigram, topic_num=None, save=False, system=True)
2022-03-17 09:05:13,520:INFO:Topic selected. topic_num : Topic 0
2022-03-17 09:05:13,520:INFO:Checking exceptions
2022-03-17 09:05:13,520:INFO:Importing libraries
2022-03-17 09:05:13,527:INFO:save_param set to False
2022-03-17 09:05:13,527:INFO:plot type: bigram
2022-03-17 09:05:13,527:INFO:SubProcess assign_model() called ==================================
2022-03-17 09:05:13,527:INFO:Initializing assign_model()
2022-03-17 09:05:13,527:INFO:assign_model(model=LdaModel(num_terms=5822, num_topics=4, decay=0.5, chunksize=100), verbose=False)
2022-03-17 09:05:13,527:INFO:Determining model type
2022-03-17 09:05:13,528:INFO:model type: lda
2022-03-17 09:05:13,528:INFO:Checking exceptions
2022-03-17 09:05:13,528:INFO:Preloading libraries
2022-03-17 09:05:13,528:INFO:Preparing display monitor
2022-03-17 09:05:17,430:INFO:(13174, 15)
2022-03-17 09:05:17,430:INFO:assign_model() succesfully completed......................................
2022-03-17 09:05:17,436:INFO:SubProcess assign_model() end ==================================
2022-03-17 09:05:17,442:INFO:Fitting CountVectorizer()
2022-03-17 09:05:17,442:WARNING:Invalid topic_num param or empty Vocab. Try changing Topic Number.
2022-03-17 09:08:25,512:INFO:Initializing create_model()
2022-03-17 09:08:25,512:INFO:create_model(model=lda, multi_core=False, num_topics=2, verbose=True, system=True)
2022-03-17 09:08:25,512:INFO:Checking exceptions
2022-03-17 09:08:25,512:INFO:Preloading libraries
2022-03-17 09:08:25,512:INFO:Preparing display monitor
2022-03-17 09:08:25,524:INFO:Defining topic model
2022-03-17 09:08:25,525:INFO:Model: Latent Dirichlet Allocation
2022-03-17 09:08:25,525:INFO:Defining num_topics parameter
2022-03-17 09:08:25,525:INFO:num_topics set to: 2
2022-03-17 09:08:25,529:INFO:LdaModel imported successfully
2022-03-17 09:08:36,038:INFO:LdaModel trained successfully
2022-03-17 09:08:36,041:INFO:LdaModel(num_terms=5822, num_topics=2, decay=0.5, chunksize=100)
2022-03-17 09:08:36,041:INFO:create_model() succesfully completed......................................
2022-03-17 09:08:40,052:INFO:Initializing create_model()
2022-03-17 09:08:40,053:INFO:create_model(model=nmf, multi_core=False, num_topics=None, verbose=True, system=True)
2022-03-17 09:08:40,053:INFO:Checking exceptions
2022-03-17 09:08:40,053:INFO:Preloading libraries
2022-03-17 09:08:40,053:INFO:Preparing display monitor
2022-03-17 09:08:40,065:INFO:Defining topic model
2022-03-17 09:08:40,065:INFO:Model: Non-Negative Matrix Factorization
2022-03-17 09:08:40,066:INFO:Defining num_topics parameter
2022-03-17 09:08:40,066:INFO:num_topics set to: 4
2022-03-17 09:08:40,070:INFO:CountVectorizer, TfidfTransformer, NMF, normalize imported successfully
2022-03-17 09:08:40,208:INFO:CountVectorizer() Fit Successfully
2022-03-17 09:08:40,219:INFO:TfidfTransformer() Fit Successfully
2022-03-17 09:08:40,375:INFO:NMF() Trained Successfully
2022-03-17 09:08:40,377:INFO:NMF(alpha='deprecated', alpha_H='same', alpha_W=0.0, beta_loss='frobenius',
    init='nndsvd', l1_ratio=0.0, max_iter=200, n_components=4, random_state=123,
    regularization='deprecated', shuffle=False, solver='cd', tol=0.0001,
    verbose=0)
2022-03-17 09:08:40,377:INFO:create_model() succesfully completed......................................
2022-03-17 09:08:47,471:INFO:Initializing plot_model()
2022-03-17 09:08:47,472:INFO:plot_model(model=LdaModel(num_terms=5822, num_topics=2, decay=0.5, chunksize=100), plot=bigram, topic_num=None, save=False, system=True)
2022-03-17 09:08:47,472:INFO:Topic selected. topic_num : Topic 0
2022-03-17 09:08:47,472:INFO:Checking exceptions
2022-03-17 09:08:47,472:INFO:Importing libraries
2022-03-17 09:08:47,490:INFO:save_param set to False
2022-03-17 09:08:47,490:INFO:plot type: bigram
2022-03-17 09:08:47,490:INFO:SubProcess assign_model() called ==================================
2022-03-17 09:08:47,490:INFO:Initializing assign_model()
2022-03-17 09:08:47,490:INFO:assign_model(model=LdaModel(num_terms=5822, num_topics=2, decay=0.5, chunksize=100), verbose=False)
2022-03-17 09:08:47,490:INFO:Determining model type
2022-03-17 09:08:47,490:INFO:model type: lda
2022-03-17 09:08:47,490:INFO:Checking exceptions
2022-03-17 09:08:47,490:INFO:Preloading libraries
2022-03-17 09:08:47,491:INFO:Preparing display monitor
2022-03-17 09:08:50,778:INFO:(13174, 13)
2022-03-17 09:08:50,778:INFO:assign_model() succesfully completed......................................
2022-03-17 09:08:50,782:INFO:SubProcess assign_model() end ==================================
2022-03-17 09:08:50,837:INFO:Fitting CountVectorizer()
2022-03-17 09:08:50,847:WARNING:Invalid topic_num param or empty Vocab. Try changing Topic Number.
2022-03-17 09:17:59,801:INFO:PyCaret NLP Module
2022-03-17 09:17:59,801:INFO:version 2.2.2
2022-03-17 09:17:59,801:INFO:Initializing setup()
2022-03-17 09:17:59,801:INFO:USI: 3bba
2022-03-17 09:17:59,801:INFO:setup(data=(6804, 9), target=Review, custom_stopwords=None, html=True, session_id=123, log_experiment=False,
                    experiment_name=None, log_plots=False, log_data=False, verbose=True)
2022-03-17 09:17:59,801:INFO:Checking environment
2022-03-17 09:17:59,801:INFO:python_version: 3.10.1
2022-03-17 09:17:59,801:INFO:python_build: ('tags/v3.10.1:2cd268a', 'Dec  6 2021 19:10:37')
2022-03-17 09:17:59,801:INFO:machine: AMD64
2022-03-17 09:17:59,801:INFO:platform: Windows-10-10.0.14393-SP0
2022-03-17 09:17:59,801:INFO:Memory: svmem(total=107373576192, available=43326521344, percent=59.6, used=64047054848, free=43326521344)
2022-03-17 09:17:59,801:INFO:Physical Core: 16
2022-03-17 09:17:59,802:INFO:Logical Core: 16
2022-03-17 09:17:59,802:INFO:Checking libraries
2022-03-17 09:17:59,802:INFO:pd==1.4.1
2022-03-17 09:17:59,802:INFO:numpy==1.21.5
2022-03-17 09:17:59,802:INFO:gensim==4.1.2
2022-03-17 09:17:59,802:INFO:spacy==3.2.3
2022-03-17 09:17:59,802:INFO:nltk==3.7
2022-03-17 09:17:59,802:INFO:textblob==0.17.1
2022-03-17 09:17:59,802:INFO:pyLDAvis==3.3.1
2022-03-17 09:17:59,802:INFO:wordcloud==1.8.1
2022-03-17 09:17:59,802:INFO:mlflow==1.24.0
2022-03-17 09:17:59,802:INFO:Checking Exceptions
2022-03-17 09:18:00,523:INFO:Preloading libraries
2022-03-17 09:18:00,523:INFO:Preparing display monitor
2022-03-17 09:18:00,535:INFO:Importing libraries
2022-03-17 09:18:00,535:INFO:Declaring global variables
2022-03-17 09:18:00,536:INFO:Input provided : dataframe
2022-03-17 09:18:00,536:INFO:session_id set to : 123
2022-03-17 09:18:00,536:INFO:Copying training dataset
2022-03-17 09:18:00,539:INFO:Importing stopwords from nltk
2022-03-17 09:18:00,546:INFO:No custom stopwords defined
2022-03-17 09:18:00,547:INFO:Removing numeric characters from the text
2022-03-17 09:18:00,597:INFO:Removing special characters from the text
2022-03-17 09:18:00,915:INFO:Tokenizing Words
2022-03-17 09:18:01,640:INFO:Removing stopwords
2022-03-17 09:18:02,252:INFO:Extracting Bigrams
2022-03-17 09:18:03,549:INFO:Extracting Trigrams
2022-03-17 09:18:04,699:INFO:Lemmatizing tokens
2022-03-17 09:18:33,783:INFO:Removing stopwords after lemmatizing
2022-03-17 09:18:34,157:INFO:Creating corpus and dictionary
2022-03-17 09:18:34,475:INFO:Compiling processed text
2022-03-17 09:18:34,488:INFO:Compiling information grid
2022-03-17 09:18:34,512:INFO:setup() succesfully completed......................................
2022-03-17 09:18:34,625:INFO:Initializing create_model()
2022-03-17 09:18:34,625:INFO:create_model(model=lda, multi_core=False, num_topics=None, verbose=True, system=True)
2022-03-17 09:18:34,625:INFO:Checking exceptions
2022-03-17 09:18:34,625:INFO:Preloading libraries
2022-03-17 09:18:34,625:INFO:Preparing display monitor
2022-03-17 09:18:34,638:INFO:Defining topic model
2022-03-17 09:18:34,638:INFO:Model: Latent Dirichlet Allocation
2022-03-17 09:18:34,638:INFO:Defining num_topics parameter
2022-03-17 09:18:34,638:INFO:num_topics set to: 4
2022-03-17 09:18:34,643:INFO:LdaModel imported successfully
2022-03-17 09:18:45,637:INFO:LdaModel trained successfully
2022-03-17 09:18:45,640:INFO:LdaModel(num_terms=5822, num_topics=4, decay=0.5, chunksize=100)
2022-03-17 09:18:45,641:INFO:create_model() succesfully completed......................................
2022-03-17 09:18:45,694:INFO:Initializing create_model()
2022-03-17 09:18:45,694:INFO:create_model(model=nmf, multi_core=False, num_topics=None, verbose=True, system=True)
2022-03-17 09:18:45,694:INFO:Checking exceptions
2022-03-17 09:18:45,694:INFO:Preloading libraries
2022-03-17 09:18:45,694:INFO:Preparing display monitor
2022-03-17 09:18:45,706:INFO:Defining topic model
2022-03-17 09:18:45,707:INFO:Model: Non-Negative Matrix Factorization
2022-03-17 09:18:45,707:INFO:Defining num_topics parameter
2022-03-17 09:18:45,707:INFO:num_topics set to: 4
2022-03-17 09:18:45,711:INFO:CountVectorizer, TfidfTransformer, NMF, normalize imported successfully
2022-03-17 09:18:45,881:INFO:CountVectorizer() Fit Successfully
2022-03-17 09:18:45,893:INFO:TfidfTransformer() Fit Successfully
2022-03-17 09:18:46,041:INFO:NMF() Trained Successfully
2022-03-17 09:18:46,044:INFO:NMF(alpha='deprecated', alpha_H='same', alpha_W=0.0, beta_loss='frobenius',
    init='nndsvd', l1_ratio=0.0, max_iter=200, n_components=4, random_state=123,
    regularization='deprecated', shuffle=False, solver='cd', tol=0.0001,
    verbose=0)
2022-03-17 09:18:46,044:INFO:create_model() succesfully completed......................................
2022-03-17 09:18:51,697:INFO:Initializing plot_model()
2022-03-17 09:18:51,698:INFO:plot_model(model=None, plot=frequency, topic_num=None, save=False, system=True)
2022-03-17 09:18:51,698:INFO:Checking exceptions
2022-03-17 09:18:51,698:INFO:Importing libraries
2022-03-17 09:18:51,705:INFO:save_param set to False
2022-03-17 09:18:51,705:INFO:plot type: frequency
2022-03-17 09:18:51,705:INFO:Rendering Visual
2022-03-17 09:18:51,705:WARNING:topic_num set to None. Plot generated at corpus level.
2022-03-17 09:18:51,706:INFO:Fitting CountVectorizer()
2022-03-17 09:18:51,894:INFO:Visual Rendered Successfully
2022-03-17 09:18:51,894:INFO:plot_model() succesfully completed......................................
2022-03-17 09:19:51,885:INFO:Initializing plot_model()
2022-03-17 09:19:51,885:INFO:plot_model(model=LdaModel(num_terms=5822, num_topics=4, decay=0.5, chunksize=100), plot=bigram, topic_num=None, save=False, system=True)
2022-03-17 09:19:51,885:INFO:Topic selected. topic_num : Topic 0
2022-03-17 09:19:51,885:INFO:Checking exceptions
2022-03-17 09:19:51,885:INFO:Importing libraries
2022-03-17 09:19:51,893:INFO:save_param set to False
2022-03-17 09:19:51,894:INFO:plot type: bigram
2022-03-17 09:19:51,894:INFO:SubProcess assign_model() called ==================================
2022-03-17 09:19:51,894:INFO:Initializing assign_model()
2022-03-17 09:19:51,894:INFO:assign_model(model=LdaModel(num_terms=5822, num_topics=4, decay=0.5, chunksize=100), verbose=False)
2022-03-17 09:19:51,894:INFO:Determining model type
2022-03-17 09:19:51,894:INFO:model type: lda
2022-03-17 09:19:51,894:INFO:Checking exceptions
2022-03-17 09:19:51,894:INFO:Preloading libraries
2022-03-17 09:19:51,894:INFO:Preparing display monitor
2022-03-17 09:19:55,123:INFO:(13174, 15)
2022-03-17 09:19:55,123:INFO:assign_model() succesfully completed......................................
2022-03-17 09:19:55,129:INFO:SubProcess assign_model() end ==================================
2022-03-17 09:19:55,134:INFO:Fitting CountVectorizer()
2022-03-17 09:19:55,134:WARNING:Invalid topic_num param or empty Vocab. Try changing Topic Number.
2022-03-17 09:21:14,202:INFO:Initializing plot_model()
2022-03-17 09:21:14,202:INFO:plot_model(model=LdaModel(num_terms=5822, num_topics=4, decay=0.5, chunksize=100), plot=bigram, topic_num=None, save=False, system=True)
2022-03-17 09:21:14,203:INFO:Topic selected. topic_num : Topic 0
2022-03-17 09:21:14,203:INFO:Checking exceptions
2022-03-17 09:21:14,203:INFO:Importing libraries
2022-03-17 09:21:14,211:INFO:save_param set to False
2022-03-17 09:21:14,211:INFO:plot type: bigram
2022-03-17 09:21:14,211:INFO:SubProcess assign_model() called ==================================
2022-03-17 09:21:14,211:INFO:Initializing assign_model()
2022-03-17 09:21:14,211:INFO:assign_model(model=LdaModel(num_terms=5822, num_topics=4, decay=0.5, chunksize=100), verbose=False)
2022-03-17 09:21:14,211:INFO:Determining model type
2022-03-17 09:21:14,211:INFO:model type: lda
2022-03-17 09:21:14,211:INFO:Checking exceptions
2022-03-17 09:21:14,211:INFO:Preloading libraries
2022-03-17 09:21:14,211:INFO:Preparing display monitor
2022-03-17 09:21:17,451:INFO:(13174, 15)
2022-03-17 09:21:17,451:INFO:assign_model() succesfully completed......................................
2022-03-17 09:21:17,458:INFO:SubProcess assign_model() end ==================================
2022-03-17 09:21:17,463:INFO:Fitting CountVectorizer()
2022-03-17 09:21:17,464:WARNING:Invalid topic_num param or empty Vocab. Try changing Topic Number.
2022-03-17 09:23:53,046:INFO:Initializing plot_model()
2022-03-17 09:23:53,046:INFO:plot_model(model=LdaModel(num_terms=5822, num_topics=4, decay=0.5, chunksize=100), plot=bigram, topic_num=None, save=False, system=True)
2022-03-17 09:23:53,047:INFO:Topic selected. topic_num : Topic 0
2022-03-17 09:23:53,047:INFO:Checking exceptions
2022-03-17 09:23:53,047:INFO:Importing libraries
2022-03-17 09:23:53,054:INFO:save_param set to False
2022-03-17 09:23:53,055:INFO:plot type: bigram
2022-03-17 09:23:53,055:INFO:SubProcess assign_model() called ==================================
2022-03-17 09:23:53,055:INFO:Initializing assign_model()
2022-03-17 09:23:53,055:INFO:assign_model(model=LdaModel(num_terms=5822, num_topics=4, decay=0.5, chunksize=100), verbose=False)
2022-03-17 09:23:53,055:INFO:Determining model type
2022-03-17 09:23:53,055:INFO:model type: lda
2022-03-17 09:23:53,055:INFO:Checking exceptions
2022-03-17 09:23:53,055:INFO:Preloading libraries
2022-03-17 09:23:53,055:INFO:Preparing display monitor
2022-03-17 09:23:56,311:INFO:(13174, 15)
2022-03-17 09:23:56,311:INFO:assign_model() succesfully completed......................................
2022-03-17 09:23:56,317:INFO:SubProcess assign_model() end ==================================
2022-03-17 09:23:56,322:INFO:Fitting CountVectorizer()
2022-03-17 09:23:56,322:WARNING:Invalid topic_num param or empty Vocab. Try changing Topic Number.
2022-03-17 09:25:47,812:INFO:PyCaret NLP Module
2022-03-17 09:25:47,812:INFO:version 2.2.2
2022-03-17 09:25:47,812:INFO:Initializing setup()
2022-03-17 09:25:47,812:INFO:USI: 9f9e
2022-03-17 09:25:47,812:INFO:setup(data=(6804, 9), target=Review, custom_stopwords=None, html=True, session_id=123, log_experiment=False,
                    experiment_name=None, log_plots=False, log_data=False, verbose=True)
2022-03-17 09:25:47,812:INFO:Checking environment
2022-03-17 09:25:47,812:INFO:python_version: 3.10.1
2022-03-17 09:25:47,812:INFO:python_build: ('tags/v3.10.1:2cd268a', 'Dec  6 2021 19:10:37')
2022-03-17 09:25:47,812:INFO:machine: AMD64
2022-03-17 09:25:47,812:INFO:platform: Windows-10-10.0.14393-SP0
2022-03-17 09:25:47,813:INFO:Memory: svmem(total=107373576192, available=43204296704, percent=59.8, used=64169279488, free=43204296704)
2022-03-17 09:25:47,813:INFO:Physical Core: 16
2022-03-17 09:25:47,813:INFO:Logical Core: 16
2022-03-17 09:25:47,813:INFO:Checking libraries
2022-03-17 09:25:47,813:INFO:pd==1.4.1
2022-03-17 09:25:47,813:INFO:numpy==1.21.5
2022-03-17 09:25:47,813:INFO:gensim==4.1.2
2022-03-17 09:25:47,813:INFO:spacy==3.2.3
2022-03-17 09:25:47,813:INFO:nltk==3.7
2022-03-17 09:25:47,813:INFO:textblob==0.17.1
2022-03-17 09:25:47,813:INFO:pyLDAvis==3.3.1
2022-03-17 09:25:47,813:INFO:wordcloud==1.8.1
2022-03-17 09:25:47,813:INFO:mlflow==1.24.0
2022-03-17 09:25:47,813:INFO:Checking Exceptions
2022-03-17 09:25:48,365:INFO:Preloading libraries
2022-03-17 09:25:48,365:INFO:Preparing display monitor
2022-03-17 09:25:48,379:INFO:Importing libraries
2022-03-17 09:25:48,380:INFO:Declaring global variables
2022-03-17 09:25:48,380:INFO:Input provided : dataframe
2022-03-17 09:25:48,380:INFO:session_id set to : 123
2022-03-17 09:25:48,380:INFO:Copying training dataset
2022-03-17 09:25:48,382:INFO:Importing stopwords from nltk
2022-03-17 09:25:48,383:INFO:No custom stopwords defined
2022-03-17 09:25:48,383:INFO:Removing numeric characters from the text
2022-03-17 09:25:48,432:INFO:Removing special characters from the text
2022-03-17 09:25:48,749:INFO:Tokenizing Words
2022-03-17 09:25:49,476:INFO:Removing stopwords
2022-03-17 09:25:50,064:INFO:Extracting Bigrams
2022-03-17 09:25:50,679:INFO:Extracting Trigrams
2022-03-17 09:25:52,599:INFO:Lemmatizing tokens
2022-03-17 09:26:21,965:INFO:Removing stopwords after lemmatizing
2022-03-17 09:26:22,345:INFO:Creating corpus and dictionary
2022-03-17 09:26:22,661:INFO:Compiling processed text
2022-03-17 09:26:22,675:INFO:Compiling information grid
2022-03-17 09:26:22,700:INFO:setup() succesfully completed......................................
2022-03-17 09:26:24,594:INFO:Initializing create_model()
2022-03-17 09:26:24,594:INFO:create_model(model=nmf, multi_core=False, num_topics=None, verbose=True, system=True)
2022-03-17 09:26:24,595:INFO:Checking exceptions
2022-03-17 09:26:24,595:INFO:Preloading libraries
2022-03-17 09:26:24,595:INFO:Preparing display monitor
2022-03-17 09:26:24,607:INFO:Defining topic model
2022-03-17 09:26:24,607:INFO:Model: Non-Negative Matrix Factorization
2022-03-17 09:26:24,608:INFO:Defining num_topics parameter
2022-03-17 09:26:24,608:INFO:num_topics set to: 4
2022-03-17 09:26:24,611:INFO:CountVectorizer, TfidfTransformer, NMF, normalize imported successfully
2022-03-17 09:26:24,775:INFO:CountVectorizer() Fit Successfully
2022-03-17 09:26:24,786:INFO:TfidfTransformer() Fit Successfully
2022-03-17 09:26:24,944:INFO:NMF() Trained Successfully
2022-03-17 09:26:24,947:INFO:NMF(alpha='deprecated', alpha_H='same', alpha_W=0.0, beta_loss='frobenius',
    init='nndsvd', l1_ratio=0.0, max_iter=200, n_components=4, random_state=123,
    regularization='deprecated', shuffle=False, solver='cd', tol=0.0001,
    verbose=0)
2022-03-17 09:26:24,947:INFO:create_model() succesfully completed......................................
2022-03-17 09:26:29,583:INFO:Initializing create_model()
2022-03-17 09:26:29,583:INFO:create_model(model=lda, multi_core=False, num_topics=None, verbose=True, system=True)
2022-03-17 09:26:29,583:INFO:Checking exceptions
2022-03-17 09:26:29,583:INFO:Preloading libraries
2022-03-17 09:26:29,583:INFO:Preparing display monitor
2022-03-17 09:26:29,596:INFO:Defining topic model
2022-03-17 09:26:29,597:INFO:Model: Latent Dirichlet Allocation
2022-03-17 09:26:29,597:INFO:Defining num_topics parameter
2022-03-17 09:26:29,597:INFO:num_topics set to: 4
2022-03-17 09:26:29,601:INFO:LdaModel imported successfully
2022-03-17 09:26:40,562:INFO:LdaModel trained successfully
2022-03-17 09:26:40,565:INFO:LdaModel(num_terms=5822, num_topics=4, decay=0.5, chunksize=100)
2022-03-17 09:26:40,565:INFO:create_model() succesfully completed......................................
2022-03-17 09:27:08,757:INFO:Initializing create_model()
2022-03-17 09:27:08,757:INFO:create_model(model=nmf, multi_core=False, num_topics=None, verbose=True, system=True)
2022-03-17 09:27:08,757:INFO:Checking exceptions
2022-03-17 09:27:08,757:INFO:Preloading libraries
2022-03-17 09:27:08,757:INFO:Preparing display monitor
2022-03-17 09:27:08,774:INFO:Defining topic model
2022-03-17 09:27:08,774:INFO:Model: Non-Negative Matrix Factorization
2022-03-17 09:27:08,774:INFO:Defining num_topics parameter
2022-03-17 09:27:08,774:INFO:num_topics set to: 4
2022-03-17 09:27:08,780:INFO:CountVectorizer, TfidfTransformer, NMF, normalize imported successfully
2022-03-17 09:27:08,950:INFO:CountVectorizer() Fit Successfully
2022-03-17 09:27:08,961:INFO:TfidfTransformer() Fit Successfully
2022-03-17 09:27:09,120:INFO:NMF() Trained Successfully
2022-03-17 09:27:09,122:INFO:NMF(alpha='deprecated', alpha_H='same', alpha_W=0.0, beta_loss='frobenius',
    init='nndsvd', l1_ratio=0.0, max_iter=200, n_components=4, random_state=123,
    regularization='deprecated', shuffle=False, solver='cd', tol=0.0001,
    verbose=0)
2022-03-17 09:27:09,122:INFO:create_model() succesfully completed......................................
2022-03-17 09:27:12,062:INFO:Initializing plot_model()
2022-03-17 09:27:12,063:INFO:plot_model(model=None, plot=frequency, topic_num=None, save=False, system=True)
2022-03-17 09:27:12,063:INFO:Checking exceptions
2022-03-17 09:27:12,063:INFO:Importing libraries
2022-03-17 09:27:12,070:INFO:save_param set to False
2022-03-17 09:27:12,070:INFO:plot type: frequency
2022-03-17 09:27:12,070:INFO:Rendering Visual
2022-03-17 09:27:12,070:WARNING:topic_num set to None. Plot generated at corpus level.
2022-03-17 09:27:12,071:INFO:Fitting CountVectorizer()
2022-03-17 09:27:12,248:INFO:Visual Rendered Successfully
2022-03-17 09:27:12,248:INFO:plot_model() succesfully completed......................................
2022-03-17 09:27:14,152:INFO:Initializing plot_model()
2022-03-17 09:27:14,152:INFO:plot_model(model=LdaModel(num_terms=5822, num_topics=4, decay=0.5, chunksize=100), plot=bigram, topic_num=None, save=False, system=True)
2022-03-17 09:27:14,152:INFO:Topic selected. topic_num : Topic 0
2022-03-17 09:27:14,152:INFO:Checking exceptions
2022-03-17 09:27:14,152:INFO:Importing libraries
2022-03-17 09:27:14,159:INFO:save_param set to False
2022-03-17 09:27:14,159:INFO:plot type: bigram
2022-03-17 09:27:14,159:INFO:SubProcess assign_model() called ==================================
2022-03-17 09:27:14,160:INFO:Initializing assign_model()
2022-03-17 09:27:14,160:INFO:assign_model(model=LdaModel(num_terms=5822, num_topics=4, decay=0.5, chunksize=100), verbose=False)
2022-03-17 09:27:14,160:INFO:Determining model type
2022-03-17 09:27:14,160:INFO:model type: lda
2022-03-17 09:27:14,160:INFO:Checking exceptions
2022-03-17 09:27:14,160:INFO:Preloading libraries
2022-03-17 09:27:14,160:INFO:Preparing display monitor
2022-03-17 09:27:17,406:INFO:(13174, 15)
2022-03-17 09:27:17,406:INFO:assign_model() succesfully completed......................................
2022-03-17 09:27:17,412:INFO:SubProcess assign_model() end ==================================
2022-03-17 09:27:17,417:INFO:Fitting CountVectorizer()
2022-03-17 09:27:17,417:WARNING:Invalid topic_num param or empty Vocab. Try changing Topic Number.
2022-03-17 09:38:38,470:INFO:PyCaret NLP Module
2022-03-17 09:38:38,470:INFO:version 2.2.2
2022-03-17 09:38:38,471:INFO:Initializing setup()
2022-03-17 09:38:38,471:INFO:USI: f04d
2022-03-17 09:38:38,471:INFO:setup(data=(6804, 9), target=Review, custom_stopwords=None, html=True, session_id=123, log_experiment=False,
                    experiment_name=None, log_plots=False, log_data=False, verbose=True)
2022-03-17 09:38:38,471:INFO:Checking environment
2022-03-17 09:38:38,471:INFO:python_version: 3.10.1
2022-03-17 09:38:38,471:INFO:python_build: ('tags/v3.10.1:2cd268a', 'Dec  6 2021 19:10:37')
2022-03-17 09:38:38,471:INFO:machine: AMD64
2022-03-17 09:38:38,471:INFO:platform: Windows-10-10.0.14393-SP0
2022-03-17 09:38:38,471:INFO:Memory: svmem(total=107373576192, available=44528095232, percent=58.5, used=62845480960, free=44528095232)
2022-03-17 09:38:38,471:INFO:Physical Core: 16
2022-03-17 09:38:38,471:INFO:Logical Core: 16
2022-03-17 09:38:38,471:INFO:Checking libraries
2022-03-17 09:38:38,471:INFO:pd==1.4.1
2022-03-17 09:38:38,471:INFO:numpy==1.21.5
2022-03-17 09:38:41,224:INFO:gensim==4.1.2
2022-03-17 09:38:41,225:INFO:spacy==3.2.3
2022-03-17 09:38:42,286:INFO:nltk==3.7
2022-03-17 09:38:42,315:INFO:textblob==0.17.1
2022-03-17 09:38:42,532:INFO:pyLDAvis==3.3.1
2022-03-17 09:38:42,711:INFO:wordcloud==1.8.1
2022-03-17 09:38:43,136:INFO:mlflow==1.24.0
2022-03-17 09:38:43,136:INFO:Checking Exceptions
2022-03-17 09:38:43,942:INFO:Preloading libraries
2022-03-17 09:38:43,993:INFO:Preparing display monitor
2022-03-17 09:38:44,007:INFO:Importing libraries
2022-03-17 09:38:44,007:INFO:Declaring global variables
2022-03-17 09:38:44,007:INFO:Input provided : dataframe
2022-03-17 09:38:44,008:INFO:session_id set to : 123
2022-03-17 09:38:44,008:INFO:Copying training dataset
2022-03-17 09:38:44,010:INFO:Importing stopwords from nltk
2022-03-17 09:38:44,359:INFO:No custom stopwords defined
2022-03-17 09:38:44,360:INFO:Removing numeric characters from the text
2022-03-17 09:38:44,415:INFO:Removing special characters from the text
2022-03-17 09:38:44,744:INFO:Tokenizing Words
2022-03-17 09:38:45,464:INFO:Removing stopwords
2022-03-17 09:38:46,098:INFO:Extracting Bigrams
2022-03-17 09:38:46,749:INFO:Extracting Trigrams
2022-03-17 09:38:47,904:INFO:Lemmatizing tokens
2022-03-17 09:39:17,042:INFO:Removing stopwords after lemmatizing
2022-03-17 09:39:17,416:INFO:Creating corpus and dictionary
2022-03-17 09:39:17,728:INFO:Compiling processed text
2022-03-17 09:39:17,742:INFO:Compiling information grid
2022-03-17 09:39:19,555:INFO:setup() succesfully completed......................................
2022-03-17 09:40:31,941:INFO:Initializing create_model()
2022-03-17 09:40:31,941:INFO:create_model(model=lda, multi_core=False, num_topics=None, verbose=True, system=True)
2022-03-17 09:40:31,941:INFO:Checking exceptions
2022-03-17 09:40:31,941:INFO:Preloading libraries
2022-03-17 09:40:31,941:INFO:Preparing display monitor
2022-03-17 09:40:31,954:INFO:Defining topic model
2022-03-17 09:40:31,954:INFO:Model: Latent Dirichlet Allocation
2022-03-17 09:40:31,954:INFO:Defining num_topics parameter
2022-03-17 09:40:31,954:INFO:num_topics set to: 4
2022-03-17 09:40:31,959:INFO:LdaModel imported successfully
2022-03-17 09:40:42,937:INFO:LdaModel trained successfully
2022-03-17 09:40:42,939:INFO:LdaModel(num_terms=5837, num_topics=4, decay=0.5, chunksize=100)
2022-03-17 09:40:42,940:INFO:create_model() succesfully completed......................................
2022-03-17 09:40:45,756:INFO:Initializing create_model()
2022-03-17 09:40:45,756:INFO:create_model(model=nmf, multi_core=False, num_topics=None, verbose=True, system=True)
2022-03-17 09:40:45,756:INFO:Checking exceptions
2022-03-17 09:40:45,756:INFO:Preloading libraries
2022-03-17 09:40:45,756:INFO:Preparing display monitor
2022-03-17 09:40:45,769:INFO:Defining topic model
2022-03-17 09:40:45,769:INFO:Model: Non-Negative Matrix Factorization
2022-03-17 09:40:45,769:INFO:Defining num_topics parameter
2022-03-17 09:40:45,769:INFO:num_topics set to: 4
2022-03-17 09:40:45,773:INFO:CountVectorizer, TfidfTransformer, NMF, normalize imported successfully
2022-03-17 09:40:45,912:INFO:CountVectorizer() Fit Successfully
2022-03-17 09:40:45,924:INFO:TfidfTransformer() Fit Successfully
2022-03-17 09:40:46,100:INFO:NMF() Trained Successfully
2022-03-17 09:40:46,104:INFO:NMF(alpha='deprecated', alpha_H='same', alpha_W=0.0, beta_loss='frobenius',
    init='nndsvd', l1_ratio=0.0, max_iter=200, n_components=4, random_state=123,
    regularization='deprecated', shuffle=False, solver='cd', tol=0.0001,
    verbose=0)
2022-03-17 09:40:46,104:INFO:create_model() succesfully completed......................................
2022-03-17 09:41:03,910:INFO:Initializing plot_model()
2022-03-17 09:41:03,911:INFO:plot_model(model=None, plot=frequency, topic_num=None, save=False, system=True)
2022-03-17 09:41:03,911:INFO:Checking exceptions
2022-03-17 09:41:03,911:INFO:Importing libraries
2022-03-17 09:41:04,361:INFO:save_param set to False
2022-03-17 09:41:04,361:INFO:plot type: frequency
2022-03-17 09:41:04,361:INFO:Rendering Visual
2022-03-17 09:41:04,361:WARNING:topic_num set to None. Plot generated at corpus level.
2022-03-17 09:41:04,361:INFO:Fitting CountVectorizer()
2022-03-17 09:41:04,901:INFO:Visual Rendered Successfully
2022-03-17 09:41:04,902:INFO:plot_model() succesfully completed......................................
2022-03-17 09:41:12,289:INFO:Initializing plot_model()
2022-03-17 09:41:12,290:INFO:plot_model(model=LdaModel(num_terms=5837, num_topics=4, decay=0.5, chunksize=100), plot=bigram, topic_num=None, save=False, system=True)
2022-03-17 09:41:12,290:INFO:Topic selected. topic_num : Topic 0
2022-03-17 09:41:12,290:INFO:Checking exceptions
2022-03-17 09:41:12,290:INFO:Importing libraries
2022-03-17 09:41:12,298:INFO:save_param set to False
2022-03-17 09:41:12,298:INFO:plot type: bigram
2022-03-17 09:41:12,298:INFO:SubProcess assign_model() called ==================================
2022-03-17 09:41:12,299:INFO:Initializing assign_model()
2022-03-17 09:41:12,299:INFO:assign_model(model=LdaModel(num_terms=5837, num_topics=4, decay=0.5, chunksize=100), verbose=False)
2022-03-17 09:41:12,299:INFO:Determining model type
2022-03-17 09:41:12,299:INFO:model type: lda
2022-03-17 09:41:12,299:INFO:Checking exceptions
2022-03-17 09:41:12,299:INFO:Preloading libraries
2022-03-17 09:41:12,299:INFO:Preparing display monitor
2022-03-17 09:41:15,556:INFO:(13174, 15)
2022-03-17 09:41:15,556:INFO:assign_model() succesfully completed......................................
2022-03-17 09:41:15,561:INFO:SubProcess assign_model() end ==================================
2022-03-17 09:41:15,566:INFO:Fitting CountVectorizer()
2022-03-17 09:41:15,568:WARNING:Invalid topic_num param or empty Vocab. Try changing Topic Number.
2022-03-17 09:45:22,784:INFO:PyCaret NLP Module
2022-03-17 09:45:22,784:INFO:version 2.2.2
2022-03-17 09:45:22,784:INFO:Initializing setup()
2022-03-17 09:45:22,784:INFO:USI: 6d37
2022-03-17 09:45:22,784:INFO:setup(data=(6804, 9), target=Review, custom_stopwords=None, html=True, session_id=123, log_experiment=False,
                    experiment_name=None, log_plots=False, log_data=False, verbose=True)
2022-03-17 09:45:22,784:INFO:Checking environment
2022-03-17 09:45:22,785:INFO:python_version: 3.10.1
2022-03-17 09:45:22,785:INFO:python_build: ('tags/v3.10.1:2cd268a', 'Dec  6 2021 19:10:37')
2022-03-17 09:45:22,785:INFO:machine: AMD64
2022-03-17 09:45:22,785:INFO:platform: Windows-10-10.0.14393-SP0
2022-03-17 09:45:22,785:INFO:Memory: svmem(total=107373576192, available=44019744768, percent=59.0, used=63353831424, free=44019744768)
2022-03-17 09:45:22,785:INFO:Physical Core: 16
2022-03-17 09:45:22,785:INFO:Logical Core: 16
2022-03-17 09:45:22,785:INFO:Checking libraries
2022-03-17 09:45:22,785:INFO:pd==1.4.1
2022-03-17 09:45:22,785:INFO:numpy==1.21.5
2022-03-17 09:45:22,785:INFO:gensim==4.1.2
2022-03-17 09:45:22,785:INFO:spacy==3.2.3
2022-03-17 09:45:22,785:INFO:nltk==3.7
2022-03-17 09:45:22,785:INFO:textblob==0.17.1
2022-03-17 09:45:22,785:INFO:pyLDAvis==3.3.1
2022-03-17 09:45:22,785:INFO:wordcloud==1.8.1
2022-03-17 09:45:22,785:INFO:mlflow==1.24.0
2022-03-17 09:45:22,785:INFO:Checking Exceptions
2022-03-17 09:45:23,315:INFO:Preloading libraries
2022-03-17 09:45:23,315:INFO:Preparing display monitor
2022-03-17 09:45:23,328:INFO:Importing libraries
2022-03-17 09:45:23,328:INFO:Declaring global variables
2022-03-17 09:45:23,329:INFO:Input provided : dataframe
2022-03-17 09:45:23,329:INFO:session_id set to : 123
2022-03-17 09:45:23,329:INFO:Copying training dataset
2022-03-17 09:45:23,333:INFO:Importing stopwords from nltk
2022-03-17 09:45:23,335:INFO:No custom stopwords defined
2022-03-17 09:45:23,335:INFO:Removing numeric characters from the text
2022-03-17 09:45:23,384:INFO:Removing special characters from the text
2022-03-17 09:45:23,705:INFO:Tokenizing Words
2022-03-17 09:45:24,427:INFO:Removing stopwords
2022-03-17 09:45:25,024:INFO:Extracting Bigrams
2022-03-17 09:45:25,647:INFO:Extracting Trigrams
2022-03-17 09:45:26,779:INFO:Lemmatizing tokens
2022-03-17 09:45:55,736:INFO:Removing stopwords after lemmatizing
2022-03-17 09:45:56,114:INFO:Creating corpus and dictionary
2022-03-17 09:45:56,423:INFO:Compiling processed text
2022-03-17 09:45:56,437:INFO:Compiling information grid
2022-03-17 09:45:56,605:INFO:setup() succesfully completed......................................
2022-03-17 09:46:11,352:INFO:Initializing create_model()
2022-03-17 09:46:11,352:INFO:create_model(model=lda, multi_core=False, num_topics=None, verbose=True, system=True)
2022-03-17 09:46:11,352:INFO:Checking exceptions
2022-03-17 09:46:11,352:INFO:Preloading libraries
2022-03-17 09:46:11,352:INFO:Preparing display monitor
2022-03-17 09:46:11,367:INFO:Defining topic model
2022-03-17 09:46:11,367:INFO:Model: Latent Dirichlet Allocation
2022-03-17 09:46:11,367:INFO:Defining num_topics parameter
2022-03-17 09:46:11,368:INFO:num_topics set to: 4
2022-03-17 09:46:11,372:INFO:LdaModel imported successfully
2022-03-17 09:46:22,061:INFO:LdaModel trained successfully
2022-03-17 09:46:22,064:INFO:LdaModel(num_terms=5837, num_topics=4, decay=0.5, chunksize=100)
2022-03-17 09:46:22,064:INFO:create_model() succesfully completed......................................
2022-03-17 09:46:22,200:INFO:Initializing create_model()
2022-03-17 09:46:22,200:INFO:create_model(model=nmf, multi_core=False, num_topics=None, verbose=True, system=True)
2022-03-17 09:46:22,200:INFO:Checking exceptions
2022-03-17 09:46:22,200:INFO:Preloading libraries
2022-03-17 09:46:22,200:INFO:Preparing display monitor
2022-03-17 09:46:22,213:INFO:Defining topic model
2022-03-17 09:46:22,213:INFO:Model: Non-Negative Matrix Factorization
2022-03-17 09:46:22,213:INFO:Defining num_topics parameter
2022-03-17 09:46:22,214:INFO:num_topics set to: 4
2022-03-17 09:46:22,218:INFO:CountVectorizer, TfidfTransformer, NMF, normalize imported successfully
2022-03-17 09:46:22,918:INFO:CountVectorizer() Fit Successfully
2022-03-17 09:46:22,931:INFO:TfidfTransformer() Fit Successfully
2022-03-17 09:46:23,109:INFO:NMF() Trained Successfully
2022-03-17 09:46:23,111:INFO:NMF(alpha='deprecated', alpha_H='same', alpha_W=0.0, beta_loss='frobenius',
    init='nndsvd', l1_ratio=0.0, max_iter=200, n_components=4, random_state=123,
    regularization='deprecated', shuffle=False, solver='cd', tol=0.0001,
    verbose=0)
2022-03-17 09:46:23,112:INFO:create_model() succesfully completed......................................
2022-03-17 09:47:49,668:INFO:Initializing plot_model()
2022-03-17 09:47:49,668:INFO:plot_model(model=None, plot=frequency, topic_num=None, save=False, system=True)
2022-03-17 09:47:49,668:INFO:Checking exceptions
2022-03-17 09:47:49,668:INFO:Importing libraries
2022-03-17 09:47:49,682:INFO:save_param set to False
2022-03-17 09:47:49,682:INFO:plot type: frequency
2022-03-17 09:47:49,682:INFO:Rendering Visual
2022-03-17 09:47:49,682:WARNING:topic_num set to None. Plot generated at corpus level.
2022-03-17 09:47:49,682:INFO:Fitting CountVectorizer()
2022-03-17 09:47:49,867:INFO:Visual Rendered Successfully
2022-03-17 09:47:49,867:INFO:plot_model() succesfully completed......................................
2022-03-17 09:47:50,865:INFO:Initializing plot_model()
2022-03-17 09:47:50,866:INFO:plot_model(model=LdaModel(num_terms=5837, num_topics=4, decay=0.5, chunksize=100), plot=bigram, topic_num=None, save=False, system=True)
2022-03-17 09:47:50,866:INFO:Topic selected. topic_num : Topic 0
2022-03-17 09:47:50,866:INFO:Checking exceptions
2022-03-17 09:47:50,866:INFO:Importing libraries
2022-03-17 09:47:50,873:INFO:save_param set to False
2022-03-17 09:47:50,873:INFO:plot type: bigram
2022-03-17 09:47:50,873:INFO:SubProcess assign_model() called ==================================
2022-03-17 09:47:50,873:INFO:Initializing assign_model()
2022-03-17 09:47:50,873:INFO:assign_model(model=LdaModel(num_terms=5837, num_topics=4, decay=0.5, chunksize=100), verbose=False)
2022-03-17 09:47:50,874:INFO:Determining model type
2022-03-17 09:47:50,874:INFO:model type: lda
2022-03-17 09:47:50,874:INFO:Checking exceptions
2022-03-17 09:47:50,874:INFO:Preloading libraries
2022-03-17 09:47:50,874:INFO:Preparing display monitor
2022-03-17 09:47:54,254:INFO:(13174, 15)
2022-03-17 09:47:54,255:INFO:assign_model() succesfully completed......................................
2022-03-17 09:47:54,260:INFO:SubProcess assign_model() end ==================================
2022-03-17 09:47:54,270:INFO:Fitting CountVectorizer()
2022-03-17 09:47:54,270:WARNING:Invalid topic_num param or empty Vocab. Try changing Topic Number.
2022-03-17 09:57:42,448:INFO:PyCaret NLP Module
2022-03-17 09:57:42,448:INFO:version 2.2.2
2022-03-17 09:57:42,448:INFO:Initializing setup()
2022-03-17 09:57:42,448:INFO:USI: a2eb
2022-03-17 09:57:42,448:INFO:setup(data=(6801, 9), target=Review, custom_stopwords=None, html=True, session_id=123, log_experiment=False,
                    experiment_name=None, log_plots=False, log_data=False, verbose=True)
2022-03-17 09:57:42,448:INFO:Checking environment
2022-03-17 09:57:42,448:INFO:python_version: 3.10.1
2022-03-17 09:57:42,448:INFO:python_build: ('tags/v3.10.1:2cd268a', 'Dec  6 2021 19:10:37')
2022-03-17 09:57:42,448:INFO:machine: AMD64
2022-03-17 09:57:42,448:INFO:platform: Windows-10-10.0.14393-SP0
2022-03-17 09:57:42,449:INFO:Memory: svmem(total=107373576192, available=43807891456, percent=59.2, used=63565684736, free=43807891456)
2022-03-17 09:57:42,449:INFO:Physical Core: 16
2022-03-17 09:57:42,449:INFO:Logical Core: 16
2022-03-17 09:57:42,449:INFO:Checking libraries
2022-03-17 09:57:42,449:INFO:pd==1.4.1
2022-03-17 09:57:42,449:INFO:numpy==1.21.5
2022-03-17 09:57:42,449:INFO:gensim==4.1.2
2022-03-17 09:57:42,449:INFO:spacy==3.2.3
2022-03-17 09:57:42,449:INFO:nltk==3.7
2022-03-17 09:57:42,449:INFO:textblob==0.17.1
2022-03-17 09:57:42,449:INFO:pyLDAvis==3.3.1
2022-03-17 09:57:42,449:INFO:wordcloud==1.8.1
2022-03-17 09:57:42,449:INFO:mlflow==1.24.0
2022-03-17 09:57:42,449:INFO:Checking Exceptions
2022-03-17 09:57:42,984:INFO:Preloading libraries
2022-03-17 09:57:42,984:INFO:Preparing display monitor
2022-03-17 09:57:42,998:INFO:Importing libraries
2022-03-17 09:57:42,999:INFO:Declaring global variables
2022-03-17 09:57:42,999:INFO:Input provided : dataframe
2022-03-17 09:57:42,999:INFO:session_id set to : 123
2022-03-17 09:57:42,999:INFO:Copying training dataset
2022-03-17 09:57:43,002:INFO:Importing stopwords from nltk
2022-03-17 09:57:43,003:INFO:No custom stopwords defined
2022-03-17 09:57:43,004:INFO:Removing numeric characters from the text
2022-03-17 09:57:43,056:INFO:Removing special characters from the text
2022-03-17 09:57:43,372:INFO:Tokenizing Words
2022-03-17 09:57:44,822:INFO:Removing stopwords
2022-03-17 09:57:45,403:INFO:Extracting Bigrams
2022-03-17 09:57:46,030:INFO:Extracting Trigrams
2022-03-17 09:57:47,307:INFO:Lemmatizing tokens
2022-03-17 09:58:16,485:INFO:Removing stopwords after lemmatizing
2022-03-17 09:58:16,862:INFO:Creating corpus and dictionary
2022-03-17 09:58:17,179:INFO:Compiling processed text
2022-03-17 09:58:17,193:INFO:Compiling information grid
2022-03-17 09:58:17,219:INFO:setup() succesfully completed......................................
2022-03-17 09:58:36,614:INFO:Initializing create_model()
2022-03-17 09:58:36,614:INFO:create_model(model=lda, multi_core=False, num_topics=None, verbose=True, system=True)
2022-03-17 09:58:36,614:INFO:Checking exceptions
2022-03-17 09:58:36,614:INFO:Preloading libraries
2022-03-17 09:58:36,614:INFO:Preparing display monitor
2022-03-17 09:58:36,629:INFO:Defining topic model
2022-03-17 09:58:36,629:INFO:Model: Latent Dirichlet Allocation
2022-03-17 09:58:36,629:INFO:Defining num_topics parameter
2022-03-17 09:58:36,630:INFO:num_topics set to: 4
2022-03-17 09:58:36,634:INFO:LdaModel imported successfully
2022-03-17 09:58:47,362:INFO:LdaModel trained successfully
2022-03-17 09:58:47,365:INFO:LdaModel(num_terms=5837, num_topics=4, decay=0.5, chunksize=100)
2022-03-17 09:58:47,365:INFO:create_model() succesfully completed......................................
2022-03-17 09:58:50,960:INFO:Initializing create_model()
2022-03-17 09:58:50,960:INFO:create_model(model=nmf, multi_core=False, num_topics=None, verbose=True, system=True)
2022-03-17 09:58:50,960:INFO:Checking exceptions
2022-03-17 09:58:50,960:INFO:Preloading libraries
2022-03-17 09:58:50,960:INFO:Preparing display monitor
2022-03-17 09:58:50,973:INFO:Defining topic model
2022-03-17 09:58:50,973:INFO:Model: Non-Negative Matrix Factorization
2022-03-17 09:58:50,974:INFO:Defining num_topics parameter
2022-03-17 09:58:50,974:INFO:num_topics set to: 4
2022-03-17 09:58:50,978:INFO:CountVectorizer, TfidfTransformer, NMF, normalize imported successfully
2022-03-17 09:58:51,121:INFO:CountVectorizer() Fit Successfully
2022-03-17 09:58:51,133:INFO:TfidfTransformer() Fit Successfully
2022-03-17 09:58:51,336:INFO:NMF() Trained Successfully
2022-03-17 09:58:51,338:INFO:NMF(alpha='deprecated', alpha_H='same', alpha_W=0.0, beta_loss='frobenius',
    init='nndsvd', l1_ratio=0.0, max_iter=200, n_components=4, random_state=123,
    regularization='deprecated', shuffle=False, solver='cd', tol=0.0001,
    verbose=0)
2022-03-17 09:58:51,339:INFO:create_model() succesfully completed......................................
2022-03-17 09:58:56,267:INFO:Initializing plot_model()
2022-03-17 09:58:56,267:INFO:plot_model(model=None, plot=frequency, topic_num=None, save=False, system=True)
2022-03-17 09:58:56,267:INFO:Checking exceptions
2022-03-17 09:58:56,267:INFO:Importing libraries
2022-03-17 09:58:56,275:INFO:save_param set to False
2022-03-17 09:58:56,275:INFO:plot type: frequency
2022-03-17 09:58:56,275:INFO:Rendering Visual
2022-03-17 09:58:56,275:WARNING:topic_num set to None. Plot generated at corpus level.
2022-03-17 09:58:56,275:INFO:Fitting CountVectorizer()
2022-03-17 09:58:56,474:INFO:Visual Rendered Successfully
2022-03-17 09:58:56,474:INFO:plot_model() succesfully completed......................................
2022-03-17 09:58:58,360:INFO:Initializing plot_model()
2022-03-17 09:58:58,360:INFO:plot_model(model=LdaModel(num_terms=5837, num_topics=4, decay=0.5, chunksize=100), plot=bigram, topic_num=None, save=False, system=True)
2022-03-17 09:58:58,360:INFO:Topic selected. topic_num : Topic 0
2022-03-17 09:58:58,361:INFO:Checking exceptions
2022-03-17 09:58:58,361:INFO:Importing libraries
2022-03-17 09:58:58,367:INFO:save_param set to False
2022-03-17 09:58:58,368:INFO:plot type: bigram
2022-03-17 09:58:58,368:INFO:SubProcess assign_model() called ==================================
2022-03-17 09:58:58,368:INFO:Initializing assign_model()
2022-03-17 09:58:58,368:INFO:assign_model(model=LdaModel(num_terms=5837, num_topics=4, decay=0.5, chunksize=100), verbose=False)
2022-03-17 09:58:58,368:INFO:Determining model type
2022-03-17 09:58:58,368:INFO:model type: lda
2022-03-17 09:58:58,368:INFO:Checking exceptions
2022-03-17 09:58:58,368:INFO:Preloading libraries
2022-03-17 09:58:58,368:INFO:Preparing display monitor
2022-03-17 09:59:01,681:INFO:(13168, 15)
2022-03-17 09:59:01,681:INFO:assign_model() succesfully completed......................................
2022-03-17 09:59:01,687:INFO:SubProcess assign_model() end ==================================
2022-03-17 09:59:01,695:INFO:Fitting CountVectorizer()
2022-03-17 09:59:01,695:WARNING:Invalid topic_num param or empty Vocab. Try changing Topic Number.
2022-03-17 10:09:25,832:INFO:PyCaret NLP Module
2022-03-17 10:09:25,832:INFO:version 2.2.2
2022-03-17 10:09:25,832:INFO:Initializing setup()
2022-03-17 10:09:25,832:INFO:USI: c09c
2022-03-17 10:09:25,832:INFO:setup(data=(6801, 9), target=Review, custom_stopwords=None, html=True, session_id=None, log_experiment=False,
                    experiment_name=None, log_plots=False, log_data=False, verbose=True)
2022-03-17 10:09:25,832:INFO:Checking environment
2022-03-17 10:09:25,832:INFO:python_version: 3.10.1
2022-03-17 10:09:25,832:INFO:python_build: ('tags/v3.10.1:2cd268a', 'Dec  6 2021 19:10:37')
2022-03-17 10:09:25,832:INFO:machine: AMD64
2022-03-17 10:09:25,832:INFO:platform: Windows-10-10.0.14393-SP0
2022-03-17 10:09:25,833:INFO:Memory: svmem(total=107373576192, available=43505778688, percent=59.5, used=63867797504, free=43505778688)
2022-03-17 10:09:25,833:INFO:Physical Core: 16
2022-03-17 10:09:25,833:INFO:Logical Core: 16
2022-03-17 10:09:25,833:INFO:Checking libraries
2022-03-17 10:09:25,833:INFO:pd==1.4.1
2022-03-17 10:09:25,833:INFO:numpy==1.21.5
2022-03-17 10:09:25,833:INFO:gensim==4.1.2
2022-03-17 10:09:25,833:INFO:spacy==3.2.3
2022-03-17 10:09:25,833:INFO:nltk==3.7
2022-03-17 10:09:25,833:INFO:textblob==0.17.1
2022-03-17 10:09:25,833:INFO:pyLDAvis==3.3.1
2022-03-17 10:09:25,833:INFO:wordcloud==1.8.1
2022-03-17 10:09:25,833:INFO:mlflow==1.24.0
2022-03-17 10:09:25,833:INFO:Checking Exceptions
2022-03-17 10:09:26,606:INFO:Preloading libraries
2022-03-17 10:09:26,606:INFO:Preparing display monitor
2022-03-17 10:09:26,619:INFO:Importing libraries
2022-03-17 10:09:26,619:INFO:Declaring global variables
2022-03-17 10:09:26,620:INFO:Input provided : dataframe
2022-03-17 10:09:26,620:INFO:session_id set to : 5142
2022-03-17 10:09:26,620:INFO:Copying training dataset
2022-03-17 10:09:26,622:INFO:Importing stopwords from nltk
2022-03-17 10:09:26,630:INFO:No custom stopwords defined
2022-03-17 10:09:26,630:INFO:Removing numeric characters from the text
2022-03-17 10:09:26,683:INFO:Removing special characters from the text
2022-03-17 10:09:26,999:INFO:Tokenizing Words
2022-03-17 10:09:27,730:INFO:Removing stopwords
2022-03-17 10:09:28,338:INFO:Extracting Bigrams
2022-03-17 10:09:28,979:INFO:Extracting Trigrams
2022-03-17 10:09:30,164:INFO:Lemmatizing tokens
2022-03-17 10:10:00,196:INFO:Removing stopwords after lemmatizing
2022-03-17 10:10:00,570:INFO:Creating corpus and dictionary
2022-03-17 10:10:00,887:INFO:Compiling processed text
2022-03-17 10:10:00,900:INFO:Compiling information grid
2022-03-17 10:10:00,925:INFO:setup() succesfully completed......................................
2022-03-17 10:10:05,562:INFO:Initializing create_model()
2022-03-17 10:10:05,562:INFO:create_model(model=lda, multi_core=False, num_topics=None, verbose=True, system=True)
2022-03-17 10:10:05,562:INFO:Checking exceptions
2022-03-17 10:10:05,562:INFO:Preloading libraries
2022-03-17 10:10:05,562:INFO:Preparing display monitor
2022-03-17 10:10:05,575:INFO:Defining topic model
2022-03-17 10:10:05,575:INFO:Model: Latent Dirichlet Allocation
2022-03-17 10:10:05,575:INFO:Defining num_topics parameter
2022-03-17 10:10:05,575:INFO:num_topics set to: 4
2022-03-17 10:10:05,579:INFO:LdaModel imported successfully
2022-03-17 10:10:16,750:INFO:LdaModel trained successfully
2022-03-17 10:10:16,752:INFO:LdaModel(num_terms=5837, num_topics=4, decay=0.5, chunksize=100)
2022-03-17 10:10:16,752:INFO:create_model() succesfully completed......................................
2022-03-17 10:10:16,786:INFO:Initializing create_model()
2022-03-17 10:10:16,787:INFO:create_model(model=nmf, multi_core=False, num_topics=None, verbose=True, system=True)
2022-03-17 10:10:16,787:INFO:Checking exceptions
2022-03-17 10:10:16,787:INFO:Preloading libraries
2022-03-17 10:10:16,787:INFO:Preparing display monitor
2022-03-17 10:10:16,803:INFO:Defining topic model
2022-03-17 10:10:16,803:INFO:Model: Non-Negative Matrix Factorization
2022-03-17 10:10:16,803:INFO:Defining num_topics parameter
2022-03-17 10:10:16,804:INFO:num_topics set to: 4
2022-03-17 10:10:16,807:INFO:CountVectorizer, TfidfTransformer, NMF, normalize imported successfully
2022-03-17 10:10:16,978:INFO:CountVectorizer() Fit Successfully
2022-03-17 10:10:16,990:INFO:TfidfTransformer() Fit Successfully
2022-03-17 10:10:17,177:INFO:NMF() Trained Successfully
2022-03-17 10:10:17,180:INFO:NMF(alpha='deprecated', alpha_H='same', alpha_W=0.0, beta_loss='frobenius',
    init='nndsvd', l1_ratio=0.0, max_iter=200, n_components=4,
    random_state=5142, regularization='deprecated', shuffle=False, solver='cd',
    tol=0.0001, verbose=0)
2022-03-17 10:10:17,180:INFO:create_model() succesfully completed......................................
2022-03-17 10:10:17,269:INFO:Initializing plot_model()
2022-03-17 10:10:17,269:INFO:plot_model(model=None, plot=frequency, topic_num=None, save=False, system=True)
2022-03-17 10:10:17,269:INFO:Checking exceptions
2022-03-17 10:10:17,269:INFO:Importing libraries
2022-03-17 10:10:17,287:INFO:save_param set to False
2022-03-17 10:10:17,287:INFO:plot type: frequency
2022-03-17 10:10:17,287:INFO:Rendering Visual
2022-03-17 10:10:17,287:WARNING:topic_num set to None. Plot generated at corpus level.
2022-03-17 10:10:17,287:INFO:Fitting CountVectorizer()
2022-03-17 10:10:17,467:INFO:Visual Rendered Successfully
2022-03-17 10:10:17,467:INFO:plot_model() succesfully completed......................................
2022-03-17 10:10:17,741:INFO:Initializing plot_model()
2022-03-17 10:10:17,741:INFO:plot_model(model=LdaModel(num_terms=5837, num_topics=4, decay=0.5, chunksize=100), plot=bigram, topic_num=None, save=False, system=True)
2022-03-17 10:10:17,741:INFO:Topic selected. topic_num : Topic 0
2022-03-17 10:10:17,741:INFO:Checking exceptions
2022-03-17 10:10:17,741:INFO:Importing libraries
2022-03-17 10:10:17,749:INFO:save_param set to False
2022-03-17 10:10:17,749:INFO:plot type: bigram
2022-03-17 10:10:17,749:INFO:SubProcess assign_model() called ==================================
2022-03-17 10:10:17,750:INFO:Initializing assign_model()
2022-03-17 10:10:17,750:INFO:assign_model(model=LdaModel(num_terms=5837, num_topics=4, decay=0.5, chunksize=100), verbose=False)
2022-03-17 10:10:17,750:INFO:Determining model type
2022-03-17 10:10:17,750:INFO:model type: lda
2022-03-17 10:10:17,750:INFO:Checking exceptions
2022-03-17 10:10:17,750:INFO:Preloading libraries
2022-03-17 10:10:17,750:INFO:Preparing display monitor
2022-03-17 10:10:21,945:INFO:(13168, 15)
2022-03-17 10:10:21,945:INFO:assign_model() succesfully completed......................................
2022-03-17 10:10:21,951:INFO:SubProcess assign_model() end ==================================
2022-03-17 10:10:21,961:INFO:Fitting CountVectorizer()
2022-03-17 10:10:21,962:WARNING:Invalid topic_num param or empty Vocab. Try changing Topic Number.
2022-03-17 10:13:54,249:INFO:Initializing compare_models()
2022-03-17 10:13:54,249:INFO:compare_models(include=None, fold=None, round=4, cross_validation=True, sort=Accuracy, n_select=1, budget_time=None, turbo=True, errors=ignore, fit_kwargs=None, groups=None, verbose=True, display=None, exclude=None)
2022-03-17 10:13:54,249:INFO:Checking exceptions
2022-03-17 10:15:01,940:INFO:PyCaret Supervised Module
2022-03-17 10:15:01,940:INFO:ML Usecase: classification
2022-03-17 10:15:01,940:INFO:version 2.2.2
2022-03-17 10:15:01,941:INFO:Initializing setup()
2022-03-17 10:15:01,941:INFO:setup(target=Review, ml_usecase=classification, available_plots={'parameter': 'Hyperparameters', 'auc': 'AUC', 'confusion_matrix': 'Confusion Matrix', 'threshold': 'Threshold', 'pr': 'Precision Recall', 'error': 'Prediction Error', 'class_report': 'Class Report', 'rfe': 'Feature Selection', 'learning': 'Learning Curve', 'manifold': 'Manifold Learning', 'calibration': 'Calibration Curve', 'vc': 'Validation Curve', 'dimension': 'Dimensions', 'feature': 'Feature Importance', 'feature_all': 'Feature Importance (All)', 'boundary': 'Decision Boundary', 'lift': 'Lift Chart', 'gain': 'Gain Chart', 'tree': 'Decision Tree'}, train_size=0.7, test_data=None, preprocess=True, imputation_type=simple, iterative_imputation_iters=5, categorical_features=None, categorical_imputation=constant, categorical_iterative_imputer=lightgbm, ordinal_features=None, high_cardinality_features=None, high_cardinality_method=frequency, numeric_features=None, numeric_imputation=mean, numeric_iterative_imputer=lightgbm, date_features=None, ignore_features=None, normalize=False, normalize_method=zscore, transformation=False, transformation_method=yeo-johnson, handle_unknown_categorical=True, unknown_categorical_method=least_frequent, pca=False, pca_method=linear, pca_components=None, ignore_low_variance=False, combine_rare_levels=False, rare_level_threshold=0.1, bin_numeric_features=None, remove_outliers=False, outliers_threshold=0.05, remove_multicollinearity=False, multicollinearity_threshold=0.9, remove_perfect_collinearity=True, create_clusters=False, cluster_iter=20, polynomial_features=False, polynomial_degree=2, trigonometry_features=False, polynomial_threshold=0.1, group_features=None, group_names=None, feature_selection=False, feature_selection_threshold=0.8, feature_selection_method=classic, feature_interaction=False, feature_ratio=False, interaction_threshold=0.01, fix_imbalance=False, fix_imbalance_method=None, transform_target=False, transform_target_method=box-cox, data_split_shuffle=True, data_split_stratify=False, fold_strategy=stratifiedkfold, fold=10, fold_shuffle=False, fold_groups=None, n_jobs=-1, use_gpu=False, custom_pipeline=None, html=True, session_id=None, log_experiment=False, experiment_name=None, log_plots=False, log_profile=False, log_data=False, silent=False, verbose=True, profile=False, profile_kwargs=None, display=None)
2022-03-17 10:15:01,941:INFO:Checking environment
2022-03-17 10:15:01,941:INFO:python_version: 3.10.1
2022-03-17 10:15:01,941:INFO:python_build: ('tags/v3.10.1:2cd268a', 'Dec  6 2021 19:10:37')
2022-03-17 10:15:01,941:INFO:machine: AMD64
2022-03-17 10:15:01,941:INFO:platform: Windows-10-10.0.14393-SP0
2022-03-17 10:15:01,941:INFO:Memory: svmem(total=107373576192, available=42929524736, percent=60.0, used=64444051456, free=42929524736)
2022-03-17 10:15:01,941:INFO:Physical Core: 16
2022-03-17 10:15:01,941:INFO:Logical Core: 16
2022-03-17 10:15:01,941:INFO:Checking libraries
2022-03-17 10:15:01,941:INFO:pd==1.4.1
2022-03-17 10:15:01,941:INFO:numpy==1.21.5
2022-03-17 10:15:01,941:INFO:sklearn==1.0.2
2022-03-17 10:15:02,408:INFO:xgboost==1.5.2
2022-03-17 10:15:02,409:INFO:lightgbm==3.3.2
2022-03-17 10:15:02,706:INFO:catboost==1.0.4
2022-03-17 10:15:02,706:INFO:mlflow==1.24.0
2022-03-17 10:15:02,706:INFO:Checking Exceptions
2022-03-17 10:15:02,706:INFO:Declaring global variables
2022-03-17 10:15:02,707:INFO:USI: 7756
2022-03-17 10:15:02,707:INFO:pycaret_globals: {'_gpu_n_jobs_param', 'gpu_param', 'stratify_param', 'X', 'html_param', 'USI', 'y', 'fold_generator', 'target_param', '_all_models_internal', 'transform_target_method_param', 'create_model_container', 'fold_shuffle_param', 'prep_pipe', 'X_train', 'y_train', 'fold_groups_param', '_available_plots', 'log_plots_param', 'master_model_container', 'imputation_classifier', 'seed', 'n_jobs_param', 'y_test', 'display_container', 'X_test', 'transform_target_param', '_all_models', 'fold_param', 'pycaret_globals', 'imputation_regressor', 'exp_name_log', '_all_metrics', 'logging_param', 'experiment__', 'data_before_preprocess', '_ml_usecase', '_internal_pipeline', 'fix_imbalance_param', 'fix_imbalance_method_param', 'iterative_imputation_iters_param'}
2022-03-17 10:15:02,707:INFO:Preparing display monitor
2022-03-17 10:15:02,707:INFO:Preparing display monitor
2022-03-17 10:15:02,720:INFO:Importing libraries
2022-03-17 10:15:02,720:INFO:Copying data for preprocessing
2022-03-17 10:15:02,729:INFO:Declaring preprocessing parameters
2022-03-17 10:15:02,733:INFO:Creating preprocessing pipeline
2022-03-17 10:15:02,756:INFO:Preprocessing pipeline created successfully
2022-03-17 10:15:02,757:ERROR:(Process Exit): setup has been interupted with user command 'quit'. setup must rerun.
2022-03-17 10:15:02,757:INFO:Creating global containers
2022-03-17 10:16:16,965:INFO:PyCaret Supervised Module
2022-03-17 10:16:16,965:INFO:ML Usecase: classification
2022-03-17 10:16:16,965:INFO:version 2.2.2
2022-03-17 10:16:16,965:INFO:Initializing setup()
2022-03-17 10:16:16,966:INFO:setup(target=Review, ml_usecase=classification, available_plots={'parameter': 'Hyperparameters', 'auc': 'AUC', 'confusion_matrix': 'Confusion Matrix', 'threshold': 'Threshold', 'pr': 'Precision Recall', 'error': 'Prediction Error', 'class_report': 'Class Report', 'rfe': 'Feature Selection', 'learning': 'Learning Curve', 'manifold': 'Manifold Learning', 'calibration': 'Calibration Curve', 'vc': 'Validation Curve', 'dimension': 'Dimensions', 'feature': 'Feature Importance', 'feature_all': 'Feature Importance (All)', 'boundary': 'Decision Boundary', 'lift': 'Lift Chart', 'gain': 'Gain Chart', 'tree': 'Decision Tree'}, train_size=0.7, test_data=None, preprocess=True, imputation_type=simple, iterative_imputation_iters=5, categorical_features=None, categorical_imputation=constant, categorical_iterative_imputer=lightgbm, ordinal_features=None, high_cardinality_features=None, high_cardinality_method=frequency, numeric_features=None, numeric_imputation=mean, numeric_iterative_imputer=lightgbm, date_features=None, ignore_features=None, normalize=False, normalize_method=zscore, transformation=False, transformation_method=yeo-johnson, handle_unknown_categorical=True, unknown_categorical_method=least_frequent, pca=False, pca_method=linear, pca_components=None, ignore_low_variance=False, combine_rare_levels=False, rare_level_threshold=0.1, bin_numeric_features=None, remove_outliers=False, outliers_threshold=0.05, remove_multicollinearity=False, multicollinearity_threshold=0.9, remove_perfect_collinearity=True, create_clusters=False, cluster_iter=20, polynomial_features=False, polynomial_degree=2, trigonometry_features=False, polynomial_threshold=0.1, group_features=None, group_names=None, feature_selection=False, feature_selection_threshold=0.8, feature_selection_method=classic, feature_interaction=False, feature_ratio=False, interaction_threshold=0.01, fix_imbalance=False, fix_imbalance_method=None, transform_target=False, transform_target_method=box-cox, data_split_shuffle=True, data_split_stratify=False, fold_strategy=stratifiedkfold, fold=10, fold_shuffle=False, fold_groups=None, n_jobs=-1, use_gpu=False, custom_pipeline=None, html=True, session_id=None, log_experiment=False, experiment_name=None, log_plots=False, log_profile=False, log_data=False, silent=False, verbose=True, profile=False, profile_kwargs=None, display=None)
2022-03-17 10:16:16,966:INFO:Checking environment
2022-03-17 10:16:16,966:INFO:python_version: 3.10.1
2022-03-17 10:16:16,966:INFO:python_build: ('tags/v3.10.1:2cd268a', 'Dec  6 2021 19:10:37')
2022-03-17 10:16:16,966:INFO:machine: AMD64
2022-03-17 10:16:16,966:INFO:platform: Windows-10-10.0.14393-SP0
2022-03-17 10:16:16,966:INFO:Memory: svmem(total=107373576192, available=42708369408, percent=60.2, used=64665206784, free=42708369408)
2022-03-17 10:16:16,966:INFO:Physical Core: 16
2022-03-17 10:16:16,966:INFO:Logical Core: 16
2022-03-17 10:16:16,966:INFO:Checking libraries
2022-03-17 10:16:16,967:INFO:pd==1.4.1
2022-03-17 10:16:16,967:INFO:numpy==1.21.5
2022-03-17 10:16:16,967:INFO:sklearn==1.0.2
2022-03-17 10:16:16,967:INFO:xgboost==1.5.2
2022-03-17 10:16:16,967:INFO:lightgbm==3.3.2
2022-03-17 10:16:16,967:INFO:catboost==1.0.4
2022-03-17 10:16:16,967:INFO:mlflow==1.24.0
2022-03-17 10:16:16,967:INFO:Checking Exceptions
2022-03-17 10:16:16,967:INFO:Declaring global variables
2022-03-17 10:16:16,967:INFO:USI: 81a4
2022-03-17 10:16:16,967:INFO:pycaret_globals: {'_gpu_n_jobs_param', 'gpu_param', 'stratify_param', 'X', 'html_param', 'USI', 'y', 'fold_generator', 'target_param', '_all_models_internal', 'transform_target_method_param', 'create_model_container', 'fold_shuffle_param', 'prep_pipe', 'X_train', 'y_train', 'fold_groups_param', '_available_plots', 'log_plots_param', 'master_model_container', 'imputation_classifier', 'seed', 'n_jobs_param', 'y_test', 'display_container', 'X_test', 'transform_target_param', '_all_models', 'fold_param', 'pycaret_globals', 'imputation_regressor', 'exp_name_log', '_all_metrics', 'logging_param', 'experiment__', 'data_before_preprocess', '_ml_usecase', '_internal_pipeline', 'fix_imbalance_param', 'fix_imbalance_method_param', 'iterative_imputation_iters_param'}
2022-03-17 10:16:16,967:INFO:Preparing display monitor
2022-03-17 10:16:16,967:INFO:Preparing display monitor
2022-03-17 10:16:16,979:INFO:Importing libraries
2022-03-17 10:16:16,980:INFO:Copying data for preprocessing
2022-03-17 10:16:16,988:INFO:Declaring preprocessing parameters
2022-03-17 10:16:16,991:INFO:Creating preprocessing pipeline
2022-03-17 10:16:17,017:INFO:Preprocessing pipeline created successfully
2022-03-17 10:16:17,018:ERROR:(Process Exit): setup has been interupted with user command 'quit'. setup must rerun.
2022-03-17 10:16:17,018:INFO:Creating global containers
2022-03-17 10:20:15,119:INFO:PyCaret NLP Module
2022-03-17 10:20:15,119:INFO:version 2.2.2
2022-03-17 10:20:15,119:INFO:Initializing setup()
2022-03-17 10:20:15,119:INFO:USI: a86c
2022-03-17 10:20:15,119:INFO:setup(data=(6801, 9), target=Review, custom_stopwords=None, html=True, session_id=123, log_experiment=False,
                    experiment_name=None, log_plots=False, log_data=False, verbose=True)
2022-03-17 10:20:15,119:INFO:Checking environment
2022-03-17 10:20:15,120:INFO:python_version: 3.10.1
2022-03-17 10:20:15,120:INFO:python_build: ('tags/v3.10.1:2cd268a', 'Dec  6 2021 19:10:37')
2022-03-17 10:20:15,120:INFO:machine: AMD64
2022-03-17 10:20:15,120:INFO:platform: Windows-10-10.0.14393-SP0
2022-03-17 10:20:15,120:INFO:Memory: svmem(total=107373576192, available=43097399296, percent=59.9, used=64276176896, free=43097399296)
2022-03-17 10:20:15,120:INFO:Physical Core: 16
2022-03-17 10:20:15,120:INFO:Logical Core: 16
2022-03-17 10:20:15,120:INFO:Checking libraries
2022-03-17 10:20:15,120:INFO:pd==1.4.1
2022-03-17 10:20:15,120:INFO:numpy==1.21.5
2022-03-17 10:20:15,120:INFO:gensim==4.1.2
2022-03-17 10:20:15,120:INFO:spacy==3.2.3
2022-03-17 10:20:15,120:INFO:nltk==3.7
2022-03-17 10:20:15,120:INFO:textblob==0.17.1
2022-03-17 10:20:15,120:INFO:pyLDAvis==3.3.1
2022-03-17 10:20:15,120:INFO:wordcloud==1.8.1
2022-03-17 10:20:15,120:INFO:mlflow==1.24.0
2022-03-17 10:20:15,120:INFO:Checking Exceptions
2022-03-17 10:20:15,867:INFO:Preloading libraries
2022-03-17 10:20:15,867:INFO:Preparing display monitor
2022-03-17 10:20:15,880:INFO:Importing libraries
2022-03-17 10:20:15,881:INFO:Declaring global variables
2022-03-17 10:20:15,881:INFO:Input provided : dataframe
2022-03-17 10:20:15,881:INFO:session_id set to : 123
2022-03-17 10:20:15,881:INFO:Copying training dataset
2022-03-17 10:20:15,883:INFO:Importing stopwords from nltk
2022-03-17 10:20:15,892:INFO:No custom stopwords defined
2022-03-17 10:20:15,893:INFO:Removing numeric characters from the text
2022-03-17 10:20:15,942:INFO:Removing special characters from the text
2022-03-17 10:20:16,290:INFO:Tokenizing Words
2022-03-17 10:20:17,012:INFO:Removing stopwords
2022-03-17 10:20:17,650:INFO:Extracting Bigrams
2022-03-17 10:20:18,290:INFO:Extracting Trigrams
2022-03-17 10:20:19,475:INFO:Lemmatizing tokens
2022-03-17 10:20:49,340:INFO:Removing stopwords after lemmatizing
2022-03-17 10:20:49,728:INFO:Creating corpus and dictionary
2022-03-17 10:20:50,048:INFO:Compiling processed text
2022-03-17 10:20:50,062:INFO:Compiling information grid
2022-03-17 10:20:50,161:INFO:setup() succesfully completed......................................
2022-03-17 10:21:06,913:INFO:Initializing create_model()
2022-03-17 10:21:06,913:INFO:create_model(model=lda, multi_core=False, num_topics=None, verbose=True, system=True)
2022-03-17 10:21:06,913:INFO:Checking exceptions
2022-03-17 10:21:06,913:INFO:Preloading libraries
2022-03-17 10:21:06,914:INFO:Preparing display monitor
2022-03-17 10:21:06,928:INFO:Defining topic model
2022-03-17 10:21:06,928:INFO:Model: Latent Dirichlet Allocation
2022-03-17 10:21:06,928:INFO:Defining num_topics parameter
2022-03-17 10:21:06,928:INFO:num_topics set to: 4
2022-03-17 10:21:06,932:INFO:LdaModel imported successfully
2022-03-17 10:21:17,699:INFO:LdaModel trained successfully
2022-03-17 10:21:17,702:INFO:LdaModel(num_terms=5837, num_topics=4, decay=0.5, chunksize=100)
2022-03-17 10:21:17,702:INFO:create_model() succesfully completed......................................
2022-03-17 10:21:49,618:INFO:Initializing create_model()
2022-03-17 10:21:49,618:INFO:create_model(model=lda, multi_core=True, num_topics=6, verbose=True, system=True)
2022-03-17 10:21:49,619:INFO:Checking exceptions
2022-03-17 10:21:49,619:INFO:Preloading libraries
2022-03-17 10:21:49,619:INFO:Preparing display monitor
2022-03-17 10:21:49,632:INFO:Defining topic model
2022-03-17 10:21:49,632:INFO:Model: Latent Dirichlet Allocation
2022-03-17 10:21:49,632:INFO:Defining num_topics parameter
2022-03-17 10:21:49,632:INFO:num_topics set to: 6
2022-03-17 10:21:49,636:INFO:LDA multi_core enabled
2022-03-17 10:21:49,636:INFO:LdaMulticore imported successfully
2022-03-17 10:22:00,922:INFO:LdaMulticore trained successfully
2022-03-17 10:22:00,925:INFO:LdaModel(num_terms=5837, num_topics=6, decay=0.5, chunksize=100)
2022-03-17 10:22:00,925:INFO:create_model() succesfully completed......................................
2022-03-17 10:22:20,991:INFO:Initializing assign_model()
2022-03-17 10:22:20,992:INFO:assign_model(model=LdaModel(num_terms=5837, num_topics=4, decay=0.5, chunksize=100), verbose=True)
2022-03-17 10:22:20,992:INFO:Determining model type
2022-03-17 10:22:20,992:INFO:model type: lda
2022-03-17 10:22:20,992:INFO:Checking exceptions
2022-03-17 10:22:20,992:INFO:Preloading libraries
2022-03-17 10:22:20,992:INFO:Preparing display monitor
2022-03-17 10:22:24,325:INFO:(13168, 15)
2022-03-17 10:22:24,326:INFO:assign_model() succesfully completed......................................
2022-03-17 10:23:10,160:INFO:Initializing plot_model()
2022-03-17 10:23:10,161:INFO:plot_model(model=None, plot=frequency, topic_num=None, save=False, system=True)
2022-03-17 10:23:10,161:INFO:Checking exceptions
2022-03-17 10:23:10,161:INFO:Importing libraries
2022-03-17 10:23:10,177:INFO:save_param set to False
2022-03-17 10:23:10,177:INFO:plot type: frequency
2022-03-17 10:23:10,177:INFO:Rendering Visual
2022-03-17 10:23:10,177:WARNING:topic_num set to None. Plot generated at corpus level.
2022-03-17 10:23:10,178:INFO:Fitting CountVectorizer()
2022-03-17 10:23:10,363:INFO:Visual Rendered Successfully
2022-03-17 10:23:10,363:INFO:plot_model() succesfully completed......................................
2022-03-17 10:23:37,918:INFO:Initializing plot_model()
2022-03-17 10:23:37,918:INFO:plot_model(model=None, plot=bigram, topic_num=None, save=False, system=True)
2022-03-17 10:23:37,918:INFO:Checking exceptions
2022-03-17 10:23:37,918:INFO:Importing libraries
2022-03-17 10:23:37,925:INFO:save_param set to False
2022-03-17 10:23:37,925:INFO:plot type: bigram
2022-03-17 10:23:37,926:WARNING:topic_num set to None. Plot generated at corpus level.
2022-03-17 10:23:37,926:INFO:Fitting CountVectorizer()
2022-03-17 10:23:38,635:INFO:Rendering Visual
2022-03-17 10:23:38,677:INFO:Visual Rendered Successfully
2022-03-17 10:23:38,677:INFO:plot_model() succesfully completed......................................
2022-03-17 10:24:27,833:INFO:Initializing plot_model()
2022-03-17 10:24:27,834:INFO:plot_model(model=LdaModel(num_terms=5837, num_topics=4, decay=0.5, chunksize=100), plot=frequency, topic_num=Topic 1, save=False, system=True)
2022-03-17 10:24:27,834:INFO:Checking exceptions
2022-03-17 10:24:27,834:INFO:Importing libraries
2022-03-17 10:24:27,841:INFO:save_param set to False
2022-03-17 10:24:27,842:INFO:plot type: frequency
2022-03-17 10:24:27,842:INFO:Rendering Visual
2022-03-17 10:24:27,842:INFO:SubProcess assign_model() called ==================================
2022-03-17 10:24:27,842:INFO:Initializing assign_model()
2022-03-17 10:24:27,842:INFO:assign_model(model=LdaModel(num_terms=5837, num_topics=4, decay=0.5, chunksize=100), verbose=False)
2022-03-17 10:24:27,842:INFO:Determining model type
2022-03-17 10:24:27,842:INFO:model type: lda
2022-03-17 10:24:27,842:INFO:Checking exceptions
2022-03-17 10:24:27,842:INFO:Preloading libraries
2022-03-17 10:24:27,843:INFO:Preparing display monitor
2022-03-17 10:24:31,284:INFO:(13168, 15)
2022-03-17 10:24:31,285:INFO:assign_model() succesfully completed......................................
2022-03-17 10:24:31,291:INFO:SubProcess assign_model() end ==================================
2022-03-17 10:24:31,299:INFO:Fitting CountVectorizer()
2022-03-17 10:24:31,299:WARNING:Invalid topic_num param or empty Vocab. Try changing Topic Number.
2022-03-17 10:24:46,842:INFO:Initializing plot_model()
2022-03-17 10:24:46,842:INFO:plot_model(model=LdaModel(num_terms=5837, num_topics=4, decay=0.5, chunksize=100), plot=topic_distribution, topic_num=None, save=False, system=True)
2022-03-17 10:24:46,842:INFO:Topic selected. topic_num : Topic 0
2022-03-17 10:24:46,843:INFO:Checking exceptions
2022-03-17 10:24:46,843:INFO:Importing libraries
2022-03-17 10:24:46,850:INFO:save_param set to False
2022-03-17 10:24:46,850:INFO:plot type: topic_distribution
2022-03-17 10:24:46,853:INFO:SubProcess assign_model() called ==================================
2022-03-17 10:24:46,854:INFO:Initializing assign_model()
2022-03-17 10:24:46,854:INFO:assign_model(model=LdaModel(num_terms=5837, num_topics=4, decay=0.5, chunksize=100), verbose=False)
2022-03-17 10:24:46,854:INFO:Determining model type
2022-03-17 10:24:46,854:INFO:model type: lda
2022-03-17 10:24:46,854:INFO:Checking exceptions
2022-03-17 10:24:46,854:INFO:Preloading libraries
2022-03-17 10:24:46,854:INFO:Preparing display monitor
2022-03-17 10:24:50,150:INFO:(13168, 15)
2022-03-17 10:24:50,151:INFO:assign_model() succesfully completed......................................
2022-03-17 10:24:50,157:INFO:SubProcess assign_model() end ==================================
2022-03-17 10:24:50,171:INFO:Sorting Dataframe
2022-03-17 10:24:50,173:INFO:Rendering Visual
2022-03-17 10:24:50,353:INFO:Visual Rendered Successfully
2022-03-17 10:24:50,353:INFO:plot_model() succesfully completed......................................
2022-03-17 10:25:21,085:INFO:Initializing plot_model()
2022-03-17 10:25:21,085:INFO:plot_model(model=LdaModel(num_terms=5837, num_topics=4, decay=0.5, chunksize=100), plot=tsne, topic_num=None, save=False, system=True)
2022-03-17 10:25:21,085:INFO:Topic selected. topic_num : Topic 0
2022-03-17 10:25:21,085:INFO:Checking exceptions
2022-03-17 10:25:21,085:INFO:Importing libraries
2022-03-17 10:25:21,093:INFO:save_param set to False
2022-03-17 10:25:21,093:INFO:plot type: tsne
2022-03-17 10:25:21,093:INFO:SubProcess assign_model() called ==================================
2022-03-17 10:25:21,094:INFO:Initializing assign_model()
2022-03-17 10:25:21,094:INFO:assign_model(model=LdaModel(num_terms=5837, num_topics=4, decay=0.5, chunksize=100), verbose=False)
2022-03-17 10:25:21,094:INFO:Determining model type
2022-03-17 10:25:21,094:INFO:model type: lda
2022-03-17 10:25:21,094:INFO:Checking exceptions
2022-03-17 10:25:21,094:INFO:Preloading libraries
2022-03-17 10:25:21,094:INFO:Preparing display monitor
2022-03-17 10:25:24,502:INFO:(13168, 15)
2022-03-17 10:25:24,503:INFO:assign_model() succesfully completed......................................
2022-03-17 10:25:24,510:INFO:SubProcess assign_model() end ==================================
2022-03-17 10:25:24,547:INFO:Fitting TSNE()
2022-03-17 10:25:30,042:INFO:Sorting Dataframe
2022-03-17 10:25:30,045:INFO:Rendering Visual
2022-03-17 10:25:30,127:INFO:Visual Rendered Successfully
2022-03-17 10:25:30,127:INFO:plot_model() succesfully completed......................................
2022-03-17 10:28:11,684:INFO:PyCaret NLP Module
2022-03-17 10:28:11,684:INFO:version 2.2.2
2022-03-17 10:28:11,684:INFO:Initializing setup()
2022-03-17 10:28:11,684:INFO:USI: b42f
2022-03-17 10:28:11,684:INFO:setup(data=(6801, 9), target=Review, custom_stopwords=None, html=True, session_id=123, log_experiment=False,
                    experiment_name=None, log_plots=False, log_data=False, verbose=True)
2022-03-17 10:28:11,684:INFO:Checking environment
2022-03-17 10:28:11,684:INFO:python_version: 3.10.1
2022-03-17 10:28:11,685:INFO:python_build: ('tags/v3.10.1:2cd268a', 'Dec  6 2021 19:10:37')
2022-03-17 10:28:11,685:INFO:machine: AMD64
2022-03-17 10:28:11,685:INFO:platform: Windows-10-10.0.14393-SP0
2022-03-17 10:28:11,685:INFO:Memory: svmem(total=107373576192, available=44501938176, percent=58.6, used=62871638016, free=44501938176)
2022-03-17 10:28:11,685:INFO:Physical Core: 16
2022-03-17 10:28:11,685:INFO:Logical Core: 16
2022-03-17 10:28:11,685:INFO:Checking libraries
2022-03-17 10:28:11,685:INFO:pd==1.4.1
2022-03-17 10:28:11,685:INFO:numpy==1.21.5
2022-03-17 10:28:12,202:INFO:gensim==4.1.2
2022-03-17 10:28:12,202:INFO:spacy==3.2.3
2022-03-17 10:28:13,396:INFO:nltk==3.7
2022-03-17 10:28:13,426:INFO:textblob==0.17.1
2022-03-17 10:28:13,652:INFO:pyLDAvis==3.3.1
2022-03-17 10:28:13,849:INFO:wordcloud==1.8.1
2022-03-17 10:28:14,302:INFO:mlflow==1.24.0
2022-03-17 10:28:14,302:INFO:Checking Exceptions
2022-03-17 10:28:14,938:INFO:Preloading libraries
2022-03-17 10:28:14,989:INFO:Preparing display monitor
2022-03-17 10:28:15,008:INFO:Importing libraries
2022-03-17 10:28:15,009:INFO:Declaring global variables
2022-03-17 10:28:15,009:INFO:Input provided : dataframe
2022-03-17 10:28:15,009:INFO:session_id set to : 123
2022-03-17 10:28:15,009:INFO:Copying training dataset
2022-03-17 10:28:15,011:INFO:Importing stopwords from nltk
2022-03-17 10:28:15,089:INFO:No custom stopwords defined
2022-03-17 10:28:15,090:INFO:Removing numeric characters from the text
2022-03-17 10:28:15,145:INFO:Removing special characters from the text
2022-03-17 10:28:15,529:INFO:Tokenizing Words
2022-03-17 10:28:16,261:INFO:Removing stopwords
2022-03-17 10:28:17,073:INFO:Extracting Bigrams
2022-03-17 10:28:17,710:INFO:Extracting Trigrams
2022-03-17 10:28:18,852:INFO:Lemmatizing tokens
2022-03-17 10:28:47,937:INFO:Removing stopwords after lemmatizing
2022-03-17 10:28:48,308:INFO:Creating corpus and dictionary
2022-03-17 10:28:48,635:INFO:Compiling processed text
2022-03-17 10:28:48,648:INFO:Compiling information grid
2022-03-17 10:28:50,456:INFO:setup() succesfully completed......................................
2022-03-17 10:29:36,416:INFO:Initializing create_model()
2022-03-17 10:29:36,416:INFO:create_model(model=lda, multi_core=False, num_topics=None, verbose=True, system=True)
2022-03-17 10:29:36,417:INFO:Checking exceptions
2022-03-17 10:29:36,417:INFO:Preloading libraries
2022-03-17 10:29:36,417:INFO:Preparing display monitor
2022-03-17 10:29:36,430:INFO:Defining topic model
2022-03-17 10:29:36,430:INFO:Model: Latent Dirichlet Allocation
2022-03-17 10:29:36,430:INFO:Defining num_topics parameter
2022-03-17 10:29:36,431:INFO:num_topics set to: 4
2022-03-17 10:29:36,435:INFO:LdaModel imported successfully
2022-03-17 10:29:47,745:INFO:LdaModel trained successfully
2022-03-17 10:29:47,748:INFO:LdaModel(num_terms=5837, num_topics=4, decay=0.5, chunksize=100)
2022-03-17 10:29:47,748:INFO:create_model() succesfully completed......................................
2022-03-17 10:30:19,836:INFO:Initializing create_model()
2022-03-17 10:30:19,836:INFO:create_model(model=lda, multi_core=True, num_topics=6, verbose=True, system=True)
2022-03-17 10:30:19,836:INFO:Checking exceptions
2022-03-17 10:30:19,836:INFO:Preloading libraries
2022-03-17 10:30:19,836:INFO:Preparing display monitor
2022-03-17 10:30:19,849:INFO:Defining topic model
2022-03-17 10:30:19,849:INFO:Model: Latent Dirichlet Allocation
2022-03-17 10:30:19,849:INFO:Defining num_topics parameter
2022-03-17 10:30:19,849:INFO:num_topics set to: 6
2022-03-17 10:30:19,854:INFO:LDA multi_core enabled
2022-03-17 10:30:19,854:INFO:LdaMulticore imported successfully
2022-03-17 10:30:29,204:INFO:LdaMulticore trained successfully
2022-03-17 10:30:29,208:INFO:LdaModel(num_terms=5837, num_topics=6, decay=0.5, chunksize=100)
2022-03-17 10:30:29,208:INFO:create_model() succesfully completed......................................
2022-03-17 10:30:31,967:INFO:Initializing assign_model()
2022-03-17 10:30:31,967:INFO:assign_model(model=LdaModel(num_terms=5837, num_topics=4, decay=0.5, chunksize=100), verbose=True)
2022-03-17 10:30:31,967:INFO:Determining model type
2022-03-17 10:30:31,967:INFO:model type: lda
2022-03-17 10:30:31,967:INFO:Checking exceptions
2022-03-17 10:30:31,967:INFO:Preloading libraries
2022-03-17 10:30:31,967:INFO:Preparing display monitor
2022-03-17 10:30:35,354:INFO:(13168, 15)
2022-03-17 10:30:35,355:INFO:assign_model() succesfully completed......................................
2022-03-17 10:33:40,482:INFO:Initializing assign_model()
2022-03-17 10:33:40,482:INFO:assign_model(model=LdaModel(num_terms=5837, num_topics=6, decay=0.5, chunksize=100), verbose=True)
2022-03-17 10:33:40,482:INFO:Determining model type
2022-03-17 10:33:40,482:INFO:model type: lda
2022-03-17 10:33:40,482:INFO:Checking exceptions
2022-03-17 10:33:40,482:INFO:Preloading libraries
2022-03-17 10:33:40,482:INFO:Preparing display monitor
2022-03-17 10:33:45,032:INFO:(13168, 17)
2022-03-17 10:33:45,032:INFO:assign_model() succesfully completed......................................
2022-03-17 10:35:37,777:INFO:Initializing create_model()
2022-03-17 10:35:37,777:INFO:create_model(model=lda, multi_core=False, num_topics=4, verbose=True, system=True)
2022-03-17 10:35:37,777:INFO:Checking exceptions
2022-03-17 10:35:37,777:INFO:Preloading libraries
2022-03-17 10:35:37,777:INFO:Preparing display monitor
2022-03-17 10:35:37,790:INFO:Defining topic model
2022-03-17 10:35:37,790:INFO:Model: Latent Dirichlet Allocation
2022-03-17 10:35:37,790:INFO:Defining num_topics parameter
2022-03-17 10:35:37,791:INFO:num_topics set to: 4
2022-03-17 10:35:37,795:INFO:LdaModel imported successfully
2022-03-17 10:35:48,599:INFO:LdaModel trained successfully
2022-03-17 10:35:48,601:INFO:LdaModel(num_terms=5837, num_topics=4, decay=0.5, chunksize=100)
2022-03-17 10:35:48,601:INFO:create_model() succesfully completed......................................
2022-03-17 10:35:51,837:INFO:Initializing assign_model()
2022-03-17 10:35:51,837:INFO:assign_model(model=LdaModel(num_terms=5837, num_topics=4, decay=0.5, chunksize=100), verbose=True)
2022-03-17 10:35:51,838:INFO:Determining model type
2022-03-17 10:35:51,838:INFO:model type: lda
2022-03-17 10:35:51,838:INFO:Checking exceptions
2022-03-17 10:35:51,838:INFO:Preloading libraries
2022-03-17 10:35:51,838:INFO:Preparing display monitor
2022-03-17 10:35:55,167:INFO:(13168, 15)
2022-03-17 10:35:55,167:INFO:assign_model() succesfully completed......................................
